[    0.000000] Initializing cgroup subsys cpuset
[    0.000000] Initializing cgroup subsys cpu
[    0.000000] Initializing cgroup subsys cpuacct
[    0.000000] Linux version 4.4.0-194-generic (buildd@lcy01-amd64-020) (gcc version 5.4.0 20160609 (Ubuntu 5.4.0-6ubuntu1~16.04.12) ) #226-Ubuntu SMP Wed Oct 21 10:19:36 UTC 2020 (Ubuntu 4.4.0-194.226-generic 4.4.236)
[    0.000000] Command line: BOOT_IMAGE=/boot/vmlinuz-4.4.0-194-generic root=LABEL=cloudimg-rootfs ro console=tty1 console=ttyS0
[    0.000000] KERNEL supported cpus:
[    0.000000]   Intel GenuineIntel
[    0.000000]   AMD AuthenticAMD
[    0.000000]   Centaur CentaurHauls
[    0.000000] x86/fpu: xstate_offset[2]:  576, xstate_sizes[2]:  256
[    0.000000] x86/fpu: Supporting XSAVE feature 0x01: 'x87 floating point registers'
[    0.000000] x86/fpu: Supporting XSAVE feature 0x02: 'SSE registers'
[    0.000000] x86/fpu: Supporting XSAVE feature 0x04: 'AVX registers'
[    0.000000] x86/fpu: Enabled xstate features 0x7, context size is 832 bytes, using 'standard' format.
[    0.000000] e820: BIOS-provided physical RAM map:
[    0.000000] BIOS-e820: [mem 0x0000000000000000-0x000000000009fbff] usable
[    0.000000] BIOS-e820: [mem 0x000000000009fc00-0x000000000009ffff] reserved
[    0.000000] BIOS-e820: [mem 0x00000000000f0000-0x00000000000fffff] reserved
[    0.000000] BIOS-e820: [mem 0x0000000000100000-0x000000001ffeffff] usable
[    0.000000] BIOS-e820: [mem 0x000000001fff0000-0x000000001fffffff] ACPI data
[    0.000000] BIOS-e820: [mem 0x00000000fec00000-0x00000000fec00fff] reserved
[    0.000000] BIOS-e820: [mem 0x00000000fee00000-0x00000000fee00fff] reserved
[    0.000000] BIOS-e820: [mem 0x00000000fffc0000-0x00000000ffffffff] reserved
[    0.000000] NX (Execute Disable) protection: active
[    0.000000] SMBIOS 2.5 present.
[    0.000000] Hypervisor detected: KVM
[    0.000000] e820: last_pfn = 0x1fff0 max_arch_pfn = 0x400000000
[    0.000000] MTRR: Disabled
[    0.000000] x86/PAT: MTRRs disabled, skipping PAT initialization too.
[    0.000000] CPU MTRRs all blank - virtualized system.
[    0.000000] x86/PAT: Configuration [0-7]: WB  WT  UC- UC  WB  WT  UC- UC  
[    0.000000] found SMP MP-table at [mem 0x0009fff0-0x0009ffff] mapped at [ffff88000009fff0]
[    0.000000] Scanning 1 areas for low memory corruption
[    0.000000] RAMDISK: [mem 0x1e8aa000-0x1f733fff]
[    0.000000] ACPI: Early table checksum verification disabled
[    0.000000] ACPI: RSDP 0x00000000000E0000 000024 (v02 VBOX  )
[    0.000000] ACPI: XSDT 0x000000001FFF0030 00003C (v01 VBOX   VBOXXSDT 00000001 ASL  00000061)
[    0.000000] ACPI: FACP 0x000000001FFF00F0 0000F4 (v04 VBOX   VBOXFACP 00000001 ASL  00000061)
[    0.000000] ACPI: DSDT 0x000000001FFF0470 002325 (v02 VBOX   VBOXBIOS 00000002 INTL 20190509)
[    0.000000] ACPI: FACS 0x000000001FFF0200 000040
[    0.000000] ACPI: FACS 0x000000001FFF0200 000040
[    0.000000] ACPI: APIC 0x000000001FFF0240 00005C (v02 VBOX   VBOXAPIC 00000001 ASL  00000061)
[    0.000000] ACPI: SSDT 0x000000001FFF02A0 0001CC (v01 VBOX   VBOXCPUT 00000002 INTL 20190509)
[    0.000000] No NUMA configuration found
[    0.000000] Faking a node at [mem 0x0000000000000000-0x000000001ffeffff]
[    0.000000] NODE_DATA(0) allocated [mem 0x1ffeb000-0x1ffeffff]
[    0.000000] kvm-clock: Using msrs 4b564d01 and 4b564d00
[    0.000000] kvm-clock: cpu 0, msr 0:1ffe3001, primary cpu clock
[    0.000000] kvm-clock: using sched offset of 3345897577 cycles
[    0.000000] clocksource: kvm-clock: mask: 0xffffffffffffffff max_cycles: 0x1cd42e4dffb, max_idle_ns: 881590591483 ns
[    0.000000] Zone ranges:
[    0.000000]   DMA      [mem 0x0000000000001000-0x0000000000ffffff]
[    0.000000]   DMA32    [mem 0x0000000001000000-0x000000001ffeffff]
[    0.000000]   Normal   empty
[    0.000000]   Device   empty
[    0.000000] Movable zone start for each node
[    0.000000] Early memory node ranges
[    0.000000]   node   0: [mem 0x0000000000001000-0x000000000009efff]
[    0.000000]   node   0: [mem 0x0000000000100000-0x000000001ffeffff]
[    0.000000] Initmem setup node 0 [mem 0x0000000000001000-0x000000001ffeffff]
[    0.000000] ACPI: PM-Timer IO Port: 0x4008
[    0.000000] IOAPIC[0]: apic_id 2, version 32, address 0xfec00000, GSI 0-23
[    0.000000] ACPI: INT_SRC_OVR (bus 0 bus_irq 0 global_irq 2 dfl dfl)
[    0.000000] ACPI: INT_SRC_OVR (bus 0 bus_irq 9 global_irq 9 low level)
[    0.000000] Using ACPI (MADT) for SMP configuration information
[    0.000000] smpboot: Allowing 2 CPUs, 0 hotplug CPUs
[    0.000000] PM: Registered nosave memory: [mem 0x00000000-0x00000fff]
[    0.000000] PM: Registered nosave memory: [mem 0x0009f000-0x0009ffff]
[    0.000000] PM: Registered nosave memory: [mem 0x000a0000-0x000effff]
[    0.000000] PM: Registered nosave memory: [mem 0x000f0000-0x000fffff]
[    0.000000] e820: [mem 0x20000000-0xfebfffff] available for PCI devices
[    0.000000] Booting paravirtualized kernel on KVM
[    0.000000] clocksource: refined-jiffies: mask: 0xffffffff max_cycles: 0xffffffff, max_idle_ns: 7645519600211568 ns
[    0.000000] setup_percpu: NR_CPUS:512 nr_cpumask_bits:512 nr_cpu_ids:2 nr_node_ids:1
[    0.000000] PERCPU: Embedded 33 pages/cpu @ffff88001fc00000 s95512 r8192 d31464 u1048576
[    0.000000] Built 1 zonelists in Node order, mobility grouping on.  Total pages: 128888
[    0.000000] Policy zone: DMA32
[    0.000000] Kernel command line: BOOT_IMAGE=/boot/vmlinuz-4.4.0-194-generic root=LABEL=cloudimg-rootfs ro console=tty1 console=ttyS0
[    0.000000] PID hash table entries: 2048 (order: 2, 16384 bytes)
[    0.000000] Memory: 481576K/523832K available (8640K kernel code, 1337K rwdata, 4040K rodata, 1492K init, 1296K bss, 42256K reserved, 0K cma-reserved)
[    0.000000] SLUB: HWalign=64, Order=0-3, MinObjects=0, CPUs=2, Nodes=1
[    0.000000] Kernel/User page tables isolation: enabled
[    0.000000] Hierarchical RCU implementation.
[    0.000000] 	Build-time adjustment of leaf fanout to 64.
[    0.000000] 	RCU restricting CPUs from NR_CPUS=512 to nr_cpu_ids=2.
[    0.000000] RCU: Adjusting geometry for rcu_fanout_leaf=64, nr_cpu_ids=2
[    0.000000] NR_IRQS:33024 nr_irqs:440 16
[    0.000000] Console: colour VGA+ 80x25
[    0.000000] console [tty1] enabled
[    0.000000] console [ttyS0] enabled
[    0.000000] tsc: Detected 3299.042 MHz processor
[    0.112811] Calibrating delay loop (skipped) preset value.. 6598.08 BogoMIPS (lpj=13196168)
[    0.114112] pid_max: default: 32768 minimum: 301
[    0.114893] ACPI: Core revision 20150930
[    0.119522] ACPI: 2 ACPI AML tables successfully acquired and loaded
[    0.120535] Security Framework initialized
[    0.121194] Yama: becoming mindful.
[    0.121806] AppArmor: AppArmor initialized
[    0.122495] Dentry cache hash table entries: 65536 (order: 7, 524288 bytes)
[    0.125275] Inode-cache hash table entries: 32768 (order: 6, 262144 bytes)
[    0.126388] Mount-cache hash table entries: 1024 (order: 1, 8192 bytes)
[    0.127341] Mountpoint-cache hash table entries: 1024 (order: 1, 8192 bytes)
[    0.128464] Initializing cgroup subsys io
[    0.129112] Initializing cgroup subsys memory
[    0.129810] Initializing cgroup subsys devices
[    0.130482] Initializing cgroup subsys freezer
[    0.131163] Initializing cgroup subsys net_cls
[    0.132483] Initializing cgroup subsys perf_event
[    0.133198] Initializing cgroup subsys net_prio
[    0.133897] Initializing cgroup subsys hugetlb
[    0.135103] Initializing cgroup subsys pids
[    0.141826] mce: CPU supports 0 MCE banks
[    0.142516] Last level iTLB entries: 4KB 1024, 2MB 1024, 4MB 1024
[    0.143397] Last level dTLB entries: 4KB 1024, 2MB 1024, 4MB 1024, 1GB 4
[    0.144340] Spectre V1 : Mitigation: usercopy/swapgs barriers and __user pointer sanitization
[    0.146842] Spectre V2 : Mitigation: Full generic retpoline
[    0.147669] Spectre V2 : Spectre v2 / SpectreRSB mitigation: Filling RSB on context switch
[    0.153277] Speculative Store Bypass: Vulnerable
[    0.154012] SRBDS: Unknown: Dependent on hypervisor status
[    0.154903] MDS: Mitigation: Clear CPU buffers
[    0.157790] Freeing SMP alternatives memory: 36K
[    0.163815] ftrace: allocating 32346 entries in 127 pages
[    0.213291] smpboot: APIC(0) Converting physical 0 to logical package 0
[    0.214364] smpboot: Max logical packages: 1
[    0.215246] x2apic enabled
[    0.215974] Switched APIC routing to physical x2apic.
[    0.217786] ..TIMER: vector=0x30 apic1=0 pin1=2 apic2=-1 pin2=-1
[    0.327123] smpboot: CPU0: Intel(R) Core(TM) i5-4590 CPU @ 3.30GHz (family: 0x6, model: 0x3c, stepping: 0x3)
[    0.328898] Performance Events: unsupported p6 CPU model 60 no PMU driver, software events only.
[    0.340057] KVM setup paravirtual spinlock
[    0.341459] x86: Booting SMP configuration:
[    0.342148] .... node  #0, CPUs:      #1
[    0.342878] kvm-clock: cpu 1, msr 0:1ffe3041, secondary cpu clock
[    0.349599] mce: CPU supports 0 MCE banks
[    0.352257] x86: Booted up 1 node, 2 CPUs
[    0.353478] smpboot: Total of 2 processors activated (13196.16 BogoMIPS)
[    0.355600] devtmpfs: initialized
[    0.357416] evm: security.selinux
[    0.358045] evm: security.SMACK64
[    0.359109] evm: security.SMACK64EXEC
[    0.359718] evm: security.SMACK64TRANSMUTE
[    0.360350] evm: security.SMACK64MMAP
[    0.360983] evm: security.ima
[    0.361542] evm: security.capability
[    0.362395] clocksource: jiffies: mask: 0xffffffff max_cycles: 0xffffffff, max_idle_ns: 7645041785100000 ns
[    0.363772] futex hash table entries: 512 (order: 3, 32768 bytes)
[    0.367315] pinctrl core: initialized pinctrl subsystem
[    0.368923] RTC time: 21:29:49, date: 11/13/20
[    0.369813] NET: Registered protocol family 16
[    0.382676] cpuidle: using governor ladder
[    0.394768] cpuidle: using governor menu
[    0.395474] PCCT header not found.
[    0.396123] ACPI: bus type PCI registered
[    0.396822] acpiphp: ACPI Hot Plug PCI Controller Driver version: 0.5
[    0.397811] PCI: Using configuration type 1 for base access
[    0.411546] ACPI: Added _OSI(Module Device)
[    0.412534] ACPI: Added _OSI(Processor Device)
[    0.413424] ACPI: Added _OSI(3.0 _SCP Extensions)
[    0.414290] ACPI: Added _OSI(Processor Aggregator Device)
[    0.416303] ACPI: Executed 1 blocks of module-level executable AML code
[    0.420062] ACPI: Interpreter enabled
[    0.420925] ACPI: (supports S0 S5)
[    0.421707] ACPI: Using IOAPIC for interrupt routing
[    0.422605] PCI: Using host bridge windows from ACPI; if necessary, use "pci=nocrs" and report a bug
[    0.426809] ACPI: PCI Root Bridge [PCI0] (domain 0000 [bus 00-ff])
[    0.427704] acpi PNP0A03:00: _OSC: OS supports [ASPM ClockPM Segments MSI]
[    0.428894] acpi PNP0A03:00: _OSC: not requesting OS control; OS requires [ExtendedConfig ASPM ClockPM MSI]
[    0.430313] acpi PNP0A03:00: fail to add MMCONFIG information, can't access extended PCI configuration space under this bridge.
[    0.432725] PCI host bridge to bus 0000:00
[    0.433382] pci_bus 0000:00: root bus resource [io  0x0000-0x0cf7 window]
[    0.434380] pci_bus 0000:00: root bus resource [io  0x0d00-0xffff window]
[    0.435388] pci_bus 0000:00: root bus resource [mem 0x000a0000-0x000bffff window]
[    0.436647] pci_bus 0000:00: root bus resource [mem 0x20000000-0xfdffffff window]
[    0.437762] pci_bus 0000:00: root bus resource [bus 00-ff]
[    0.439739] pci 0000:00:01.1: legacy IDE quirk: reg 0x10: [io  0x01f0-0x01f7]
[    0.440702] pci 0000:00:01.1: legacy IDE quirk: reg 0x14: [io  0x03f6]
[    0.441565] pci 0000:00:01.1: legacy IDE quirk: reg 0x18: [io  0x0170-0x0177]
[    0.452935] pci 0000:00:01.1: legacy IDE quirk: reg 0x1c: [io  0x0376]
[    0.462330] pci 0000:00:07.0: quirk: [io  0x4000-0x403f] claimed by PIIX4 ACPI
[    0.463528] pci 0000:00:07.0: quirk: [io  0x4100-0x410f] claimed by PIIX4 SMB
[    0.470227] ACPI: PCI Interrupt Link [LNKA] (IRQs 5 9 10 *11)
[    0.471757] ACPI: PCI Interrupt Link [LNKB] (IRQs 5 9 *10 11)
[    0.473074] ACPI: PCI Interrupt Link [LNKC] (IRQs 5 *9 10 11)
[    0.474342] ACPI: PCI Interrupt Link [LNKD] (IRQs 5 9 10 *11)
[    0.475607] ACPI: Enabled 2 GPEs in block 00 to 07
[    0.476745] vgaarb: setting as boot device: PCI:0000:00:02.0
[    0.477600] vgaarb: device added: PCI:0000:00:02.0,decodes=io+mem,owns=io+mem,locks=none
[    0.478829] vgaarb: loaded
[    0.479307] vgaarb: bridge control possible 0000:00:02.0
[    0.480322] SCSI subsystem initialized
[    0.481063] ACPI: bus type USB registered
[    0.481860] usbcore: registered new interface driver usbfs
[    0.482671] usbcore: registered new interface driver hub
[    0.483503] usbcore: registered new device driver usb
[    0.484880] PCI: Using ACPI for IRQ routing
[    0.486288] NetLabel: Initializing
[    0.486836] NetLabel:  domain hash size = 128
[    0.487498] NetLabel:  protocols = UNLABELED CIPSOv4
[    0.488272] NetLabel:  unlabeled traffic allowed by default
[    0.489172] amd_nb: Cannot enumerate AMD northbridges
[    0.491934] clocksource: Switched to clocksource kvm-clock
[    0.502011] AppArmor: AppArmor Filesystem Enabled
[    0.502945] pnp: PnP ACPI init
[    0.504160] pnp: PnP ACPI: found 3 devices
[    0.512702] clocksource: acpi_pm: mask: 0xffffff max_cycles: 0xffffff, max_idle_ns: 2085701024 ns
[    0.514085] NET: Registered protocol family 2
[    0.514959] TCP established hash table entries: 4096 (order: 3, 32768 bytes)
[    0.515926] TCP bind hash table entries: 4096 (order: 4, 65536 bytes)
[    0.516850] TCP: Hash tables configured (established 4096 bind 4096)
[    0.517933] UDP hash table entries: 256 (order: 1, 8192 bytes)
[    0.519635] UDP-Lite hash table entries: 256 (order: 1, 8192 bytes)
[    0.520600] NET: Registered protocol family 1
[    0.521292] pci 0000:00:00.0: Limiting direct PCI/PCI transfers
[    0.522171] pci 0000:00:01.0: Activating ISA DMA hang workarounds
[    0.523930] Unpacking initramfs...
[    0.700534] Freeing initrd memory: 14888K
[    0.701392] RAPL PMU detected, API unit is 2^-32 Joules, 4 fixed counters 10737418240 ms ovfl timer
[    0.702909] hw unit of domain pp0-core 2^-0 Joules
[    0.703634] hw unit of domain package 2^-0 Joules
[    0.704368] hw unit of domain dram 2^-0 Joules
[    0.705066] hw unit of domain pp1-gpu 2^-0 Joules
[    0.705774] clocksource: tsc: mask: 0xffffffffffffffff max_cycles: 0x2f8dc3bba88, max_idle_ns: 440795361811 ns
[    0.707261] platform rtc_cmos: registered platform RTC device (no PNP device found)
[    0.708491] Scanning for low memory corruption every 60 seconds
[    0.709706] audit: initializing netlink subsys (disabled)
[    0.710525] audit: type=2000 audit(1605302995.168:1): initialized
[    0.711621] Initialise system trusted keyring
[    0.712430] HugeTLB registered 2 MB page size, pre-allocated 0 pages
[    0.714378] zbud: loaded
[    0.717663] VFS: Disk quotas dquot_6.6.0
[    0.719954] VFS: Dquot-cache hash table entries: 512 (order 0, 4096 bytes)
[    0.721571] squashfs: version 4.0 (2009/01/31) Phillip Lougher
[    0.722773] fuse init (API version 7.23)
[    0.723671] Key type big_key registered
[    0.724830] Allocating IMA MOK and blacklist keyrings.
[    0.726540] Key type asymmetric registered
[    0.727189] Asymmetric key parser 'x509' registered
[    0.727940] Block layer SCSI generic (bsg) driver version 0.4 loaded (major 249)
[    0.729170] io scheduler noop registered
[    0.729818] io scheduler deadline registered (default)
[    0.730622] io scheduler cfq registered
[    0.731475] pci_hotplug: PCI Hot Plug PCI Core version: 0.5
[    0.732502] pciehp: PCI Express Hot Plug Controller Driver version: 0.4
[    0.733572] ACPI: AC Adapter [AC] (on-line)
[    0.734344] input: Power Button as /devices/LNXSYSTM:00/LNXPWRBN:00/input/input0
[    0.736374] ACPI: Power Button [PWRF]
[    0.737044] input: Sleep Button as /devices/LNXSYSTM:00/LNXSLPBN:00/input/input1
[    0.738249] ACPI: Sleep Button [SLPF]
[    0.739082] GHES: HEST is not enabled!
[    0.739808] Serial: 8250/16550 driver, 32 ports, IRQ sharing enabled
[    0.761082] 00:02: ttyS0 at I/O 0x3f8 (irq = 4, base_baud = 115200) is a 16550A
[    0.764378] Linux agpgart interface v0.103
[    0.767033] loop: module loaded
[    0.769380] scsi host0: ata_piix
[    0.770147] scsi host1: ata_piix
[    0.771781] ata1: PATA max UDMA/33 cmd 0x1f0 ctl 0x3f6 bmdma 0xd000 irq 14
[    0.772743] ata2: PATA max UDMA/33 cmd 0x170 ctl 0x376 bmdma 0xd008 irq 15
[    0.773935] libphy: Fixed MDIO Bus: probed
[    0.774683] tun: Universal TUN/TAP device driver, 1.6
[    0.775450] tun: (C) 1999-2004 Max Krasnyansky <maxk@qualcomm.com>
[    0.776459] PPP generic driver version 2.4.2
[    0.777165] ehci_hcd: USB 2.0 'Enhanced' Host Controller (EHCI) Driver
[    0.778098] ehci-pci: EHCI PCI platform driver
[    0.778802] ehci-platform: EHCI generic platform driver
[    0.779543] ohci_hcd: USB 1.1 'Open' Host Controller (OHCI) Driver
[    0.780449] ohci-pci: OHCI PCI platform driver
[    0.781141] ohci-platform: OHCI generic platform driver
[    0.782175] uhci_hcd: USB Universal Host Controller Interface driver
[    0.783140] i8042: PNP: PS/2 Controller [PNP0303:PS2K,PNP0f03:PS2M] at 0x60,0x64 irq 1,12
[    0.785341] serio: i8042 KBD port at 0x60,0x64 irq 1
[    0.786172] serio: i8042 AUX port at 0x60,0x64 irq 12
[    0.787117] mousedev: PS/2 mouse device common for all mice
[    0.788233] input: AT Translated Set 2 keyboard as /devices/platform/i8042/serio0/input/input2
[    0.789923] rtc_cmos rtc_cmos: rtc core: registered rtc_cmos as rtc0
[    0.791400] rtc_cmos rtc_cmos: alarms up to one day, 114 bytes nvram
[    0.792366] i2c /dev entries driver
[    0.792985] device-mapper: uevent: version 1.0.3
[    0.793775] device-mapper: ioctl: 4.34.0-ioctl (2015-10-28) initialised: dm-devel@redhat.com
[    0.795032] ledtrig-cpu: registered to indicate activity on CPUs
[    0.796319] NET: Registered protocol family 10
[    0.797270] NET: Registered protocol family 17
[    0.797965] Key type dns_resolver registered
[    0.799425] registered taskstats version 1
[    0.800193] Loading compiled-in X.509 certificates
[    0.802023] Loaded X.509 cert 'Build time autogenerated kernel key: 12717d7bded22cc9f4c9021cf049cb5c0a2cb7b0'
[    0.803665] zswap: loaded using pool lzo/zbud
[    0.806006] Key type trusted registered
[    0.809247] Key type encrypted registered
[    0.809961] AppArmor: AppArmor sha1 policy hashing enabled
[    0.810738] ima: No TPM chip found, activating TPM-bypass!
[    0.811567] ima: Allocated hash algorithm: sha1
[    0.812422] evm: HMAC attrs: 0x1
[    0.813291]   Magic number: 12:163:500
[    0.814072] rtc_cmos rtc_cmos: setting system clock to 2020-11-13 21:29:50 UTC (1605302990)
[    0.815738] BIOS EDD facility v0.16 2004-Jun-25, 0 devices found
[    0.816697] EDD information not available.
[    0.957182] Freeing unused kernel memory: 1492K
[    0.958221] Write protecting the kernel read-only data: 14336k
[    0.959531] Freeing unused kernel memory: 1588K
[    0.960411] Freeing unused kernel memory: 56K
Loading, please wait...
starting version 229
[    0.975994] random: systemd-udevd: uninitialized urandom read (16 bytes read, 2 bits of entropy available)
[    0.977433] random: udevadm: uninitialized urandom read (16 bytes read, 2 bits of entropy available)
[    0.977456] random: udevadm: uninitialized urandom read (16 bytes read, 2 bits of entropy available)
[    0.981778] random: systemd-udevd: uninitialized urandom read (16 bytes read, 2 bits of entropy available)
[    0.983409] random: systemd-udevd: uninitialized urandom read (16 bytes read, 2 bits of entropy available)
[    0.985014] random: systemd-udevd: uninitialized urandom read (16 bytes read, 2 bits of entropy available)
[    0.985475] random: udevadm: uninitialized urandom read (16 bytes read, 2 bits of entropy available)
[    0.985519] random: udevadm: uninitialized urandom read (16 bytes read, 2 bits of entropy available)
[    0.985648] random: udevadm: uninitialized urandom read (16 bytes read, 2 bits of entropy available)
[    0.985699] random: udevadm: uninitialized urandom read (16 bytes read, 2 bits of entropy available)
[    1.032782] e1000: Intel(R) PRO/1000 Network Driver - version 7.3.21-k8-NAPI
[    1.033945] e1000: Copyright (c) 1999-2006 Intel Corporation.
[    1.037238] Fusion MPT base driver 3.04.20
[    1.038003] Copyright (c) 1999-2008 LSI Corporation
[    1.043029] Fusion MPT SPI Host driver 3.04.20
[    1.044684] mptbase: ioc0: Initiating bringup
[    1.054194] AVX2 version of gcm_enc/dec engaged.
[    1.055067] AES CTR mode by8 optimization enabled
[    1.235857] ioc0: LSI53C1030 A0: Capabilities={Initiator}
[    1.244131] input: ImExPS/2 Generic Explorer Mouse as /devices/platform/i8042/serio1/input/input4
[    2.648364] scsi host2: ioc0: LSI53C1030 A0, FwRev=00000000h, Ports=1, MaxQ=256, IRQ=20
[    4.016241] scsi 2:0:0:0: Direct-Access     VBOX     HARDDISK         1.0  PQ: 0 ANSI: 5
[    4.018281] scsi target2:0:0: Beginning Domain Validation
[    4.020251] scsi target2:0:0: Domain Validation skipping write tests
[    4.021661] scsi target2:0:0: Ending Domain Validation
[    4.023741] scsi target2:0:0: asynchronous
[    4.025499] scsi 2:0:1:0: Direct-Access     VBOX     HARDDISK         1.0  PQ: 0 ANSI: 5
[    4.027577] scsi target2:0:1: Beginning Domain Validation
[    4.037921] scsi target2:0:1: Domain Validation skipping write tests
[    4.038861] scsi target2:0:1: Ending Domain Validation
[    4.039621] scsi target2:0:1: asynchronous
[    4.044050] sd 2:0:0:0: Attached scsi generic sg0 type 0
[    4.044901] sd 2:0:0:0: [sda] 20971520 512-byte logical blocks: (10.7 GB/10.0 GiB)
[    4.046648] sd 2:0:1:0: Attached scsi generic sg1 type 0
[    4.046714] sd 2:0:0:0: [sda] Write Protect is off
[    4.047477] sd 2:0:1:0: [sdb] 20480 512-byte logical blocks: (10.5 MB/10.0 MiB)
[    4.051979] sd 2:0:0:0: [sda] Incomplete mode parameter data
[    4.052878] sd 2:0:0:0: [sda] Assuming drive cache: write through
[    4.053903] sd 2:0:1:0: [sdb] Write Protect is off
[    4.055205] sd 2:0:1:0: [sdb] Incomplete mode parameter data
[    4.056086] sd 2:0:1:0: [sdb] Assuming drive cache: write through
[    4.066562]  sda: sda1
[    4.068007] sd 2:0:0:0: [sda] Attached SCSI disk
[    4.089404] sd 2:0:1:0: [sdb] Attached SCSI disk
[    4.377606] e1000 0000:00:03.0 eth0: (PCI:33MHz:32-bit) 02:8e:80:a0:ee:2f
[    4.378682] e1000 0000:00:03.0 eth0: Intel(R) PRO/1000 Network Connection
[    4.987244] e1000 0000:00:08.0 eth1: (PCI:33MHz:32-bit) 08:00:27:28:02:e4
[    4.988301] e1000 0000:00:08.0 eth1: Intel(R) PRO/1000 Network Connection
[    4.989931] e1000 0000:00:08.0 enp0s8: renamed from eth1
[    5.000161] e1000 0000:00:03.0 enp0s3: renamed from eth0
Begin: Loading essential drivers ... [    6.630605] md: linear personality registered for level -1
[    6.633946] md: multipath personality registered for level -4
[    6.636908] md: raid0 personality registered for level 0
[    6.640599] md: raid1 personality registered for level 1
[    6.711964] raid6: sse2x1   gen() 10689 MB/s
[    6.779950] raid6: sse2x1   xor()  8040 MB/s
[    6.847956] raid6: sse2x2   gen() 13625 MB/s
[    6.915950] raid6: sse2x2   xor()  9138 MB/s
[    6.983968] raid6: sse2x4   gen() 15881 MB/s
[    7.051982] raid6: sse2x4   xor() 10924 MB/s
[    7.119972] raid6: avx2x1   gen() 21082 MB/s
[    7.187963] raid6: avx2x2   gen() 24424 MB/s
[    7.255946] raid6: avx2x4   gen() 28179 MB/s
[    7.256723] raid6: using algorithm avx2x4 gen() 28179 MB/s
[    7.257525] raid6: using avx2x2 recovery algorithm
[    7.259325] xor: automatically using best checksumming function:
[    7.299965]    avx       : 29225.000 MB/sec
[    7.301965] async_tx: api initialized (async)
[    7.312365] md: raid6 personality registered for level 6
[    7.313382] md: raid5 personality registered for level 5
[    7.315861] md: raid4 personality registered for level 4
[    7.326153] md: raid10 personality registered for level 10
done.
Begin: Running /scripts/init-premount ... done.
Begin: Mounting root file system ... Begin: Running /scripts/local-top ... done.
Begin: Running /scripts/local-premount ... [    7.355923] Btrfs loaded
Scanning for Btrfs filesystems
done.
Warning: fsck not present, so skipping root file system
[    7.451258] EXT4-fs (sda1): mounted filesystem with ordered data mode. Opts: (null)
done.
Begin: Running /scripts/local-bottom ... done.
Begin: Running /scripts/init-bottom ... done.
[    7.901055] systemd[1]: systemd 229 running in system mode. (+PAM +AUDIT +SELINUX +IMA +APPARMOR +SMACK +SYSVINIT +UTMP +LIBCRYPTSETUP +GCRYPT +GNUTLS +ACL +XZ -LZ4 +SECCOMP +BLKID +ELFUTILS +KMOD -IDN)
[    7.907015] systemd[1]: Detected virtualization oracle.
[    7.908329] systemd[1]: Detected architecture x86-64.

Welcome to [1mUbuntu 16.04.7 LTS[0m!

[    7.924734] systemd[1]: Set hostname to <ubuntu>.
[    7.959528] systemd[1]: Initializing machine ID from random generator.
[    7.960929] systemd[1]: Installed transient /etc/machine-id file.
[    8.457513] systemd[1]: Listening on Device-mapper event daemon FIFOs.
[[0;32m  OK  [0m] Listening on Device-mapper event daemon FIFOs.
[    8.460034] systemd[1]: Listening on Journal Audit Socket.
[[0;32m  OK  [0m] Listening on Journal Audit Socket.
[    8.462339] systemd[1]: Set up automount Arbitrary Executable File Formats File System Automount Point.
[[0;32m  OK  [0m] Set up automount Arbitrary Executab...ats File System Automount Point.
[    8.465880] systemd[1]: Started Forward Password Requests to Wall Directory Watch.
[[0;32m  OK  [0m] Started Forward Password Requests to Wall Directory Watch.
[    8.476164] systemd[1]: Listening on udev Kernel Socket.
[[0;32m  OK  [0m] Listening on udev Kernel Socket.
[    8.478153] systemd[1]: Reached target System Time Synchronized.
[[0;32m  OK  [0m] Reached target System Time Synchronized.
[    8.480567] systemd[1]: Created slice System Slice.
[[0;32m  OK  [0m] Created slice System Slice.
[    8.482634] systemd[1]: Listening on /dev/initctl Compatibility Named Pipe.
[[0;32m  OK  [0m] Listening on /dev/initctl Compatibility Named Pipe.
[    8.485116] systemd[1]: Listening on udev Control Socket.
[[0;32m  OK  [0m] Listening on udev Control Socket.
[    8.486869] systemd[1]: Started Trigger resolvconf update for networkd DNS.
[[0;32m  OK  [0m] Started Trigger resolvconf update for networkd DNS.
[    8.488566] systemd[1]: Listening on LVM2 poll daemon socket.
[[0;32m  OK  [0m] Listening on LVM2 poll daemon socket.
[    8.490007] systemd[1]: Reached target User and Group Name Lookups.
[[0;32m  OK  [0m] Reached target User and Group Name Lookups.
[    8.491538] systemd[1]: Listening on LVM2 metadata daemon socket.
[[0;32m  OK  [0m] Listening on LVM2 metadata daemon socket.
[    8.493129] systemd[1]: Reached target Swap.
[[0;32m  OK  [0m] Reached target Swap.
[    8.494364] systemd[1]: Listening on Journal Socket (/dev/log).
[[0;32m  OK  [0m] Listening on Journal Socket (/dev/log).
[    8.495981] systemd[1]: Created slice system-serial\x2dgetty.slice.
[[0;32m  OK  [0m] Created slice system-serial\x2dgetty.slice.
[    8.497508] systemd[1]: Reached target Encrypted Volumes.
[[0;32m  OK  [0m] Reached target Encrypted Volumes.
[    8.499065] systemd[1]: Created slice User and Session Slice.
[[0;32m  OK  [0m] Created slice User and Session Slice.
[    8.508085] systemd[1]: Reached target Slices.
[[0;32m  OK  [0m] Reached target Slices.
[    8.509308] systemd[1]: Listening on Journal Socket.
[[0;32m  OK  [0m] Listening on Journal Socket.
[    8.527830] systemd[1]: Starting Create list of required static device nodes for the current kernel...
         Starting Create list of required st... nodes for the current kernel...
[    8.564276] systemd[1]: Starting Load Kernel Modules...
         Starting Load Kernel Modules...
[    8.570524] systemd[1]: Mounting Debug File System...
         Mounting Debug File System...
[    8.582586] systemd[1]: Mounting POSIX Message Queue File System...
         Mounting POSIX Message Queue File System...
[    8.586743] systemd[1]: Starting Set console keymap...
         Starting Set console keymap...
[    8.596973] systemd[1]: Starting Remount Root and Kernel File Systems...
         Starting Remount Root and Kernel File Systems...
[    8.600779] systemd[1]: Mounting Huge Pages File System...
         Mounting Huge Pages File System...
[    8.603519] systemd[1]: Listening on Syslog Socket.
[[0;32m  OK  [0m] Listening on Syslog Socket.
[    8.607707] systemd[1]: Starting Journal Service...
         Starting Journal Service...
[    8.616678] systemd[1]: Starting Monitoring of LVM2 mirrors, snapshots etc. using dmeventd or progress polling...
         Starting Monitoring of LVM2 mirrors... dmeventd or progress polling...
[    8.623796] EXT4-fs (sda1): re-mounted. Opts: (null)
[    8.625544] systemd[1]: Starting Uncomplicated firewall...
         Starting Uncomplicated firewall...
[    8.628217] systemd[1]: Starting Nameserver information manager...
         Starting Nameserver information manager...
[    8.637861] systemd[1]: Mounted POSIX Message Queue File System.
[[0;32m  OK  [0m] Mounted POSIX Message Queue File System.
[    8.644115] systemd[1]: Mounted Huge Pages File System.
[[0;32m  OK  [0m] Mounted Huge Pages File System.
[    8.645664] systemd[1]: Mounted Debug File System.
[[0;32m  OK  [0m] Mounted Debug File System.
[    8.652286] Loading iSCSI transport class v2.0-870.
[    8.653073] systemd[1]: Started Create list of required static device nodes for the current kernel.
[[0;32m  OK  [0m] Started Create list of required sta...ce nodes for the current kernel.
[    8.657147] systemd[1]: Started Remount Root and Kernel File Systems.
[[0;32m  OK  [0m] Started Remount Root and Kernel File Systems.
[    8.661870] systemd[1]: Starting Load/Save Random Seed...
         Starting Load/Save Random Seed...
[    8.684994] systemd[1]: Starting udev Coldplug all Devices...
         Starting udev Coldplug all Devices...
[    8.688932] systemd[1]: Starting Create Static Device Nodes in /dev...
         Starting Create Static Device Nodes in /dev...
[    8.694330] systemd[1]: Started Uncomplicated firewall.
[[0;32m  OK  [0m] Started Uncomplicated firewall.
[    8.696322] systemd[1]: Started Nameserver information manager.
[    8.698361] iscsi: registered transport (tcp)
[[0;32m  OK  [0m] Started Nameserver information manager.
[    8.710689] systemd[1]: Started Set console keymap.
[[0;32m  OK  [0m] Started Set console keymap.
[    8.752455] systemd[1]: Started Load/Save Random Seed.
[[0;32m  OK  [0m] Started Load/Save Random Seed.
[    8.810079] iscsi: registered transport (iser)
[    8.813806] systemd[1]: Started Load Kernel Modules.
[[0;32m  OK  [0m] Started Load Kernel Modules.
[    8.842163] systemd[1]: Mounting FUSE Control File System...
         Mounting FUSE Control File System...
[    8.845916] systemd[1]: Starting Apply Kernel Variables...
         Starting Apply Kernel Variables...
[    8.856692] systemd[1]: Mounted FUSE Control File System.
[[0;32m  OK  [0m] Mounted FUSE Control File System.
[    8.866402] systemd[1]: Started udev Coldplug all Devices.
[[0;32m  OK  [0m] Started udev Coldplug all Devices.
[    8.868199] systemd[1]: Started Journal Service.
[[0;32m  OK  [0m] Started Journal Service.
         Starting Flush Journal to Persistent Storage...
[    8.925427] random: nonblocking pool is initialized
[[0;32m  OK  [0m] Started Apply Kernel Variables.
[[0;32m  OK  [0m] Started LVM2 metadata daemon.
[[0;32m  OK  [0m] Started Flush Journal to Persistent Storage.
[[0;32m  OK  [0m] Started Create Static Device Nodes in /dev.
         Starting udev Kernel Device Manager...
[[0;32m  OK  [0m] Started udev Kernel Device Manager.
[[0;32m  OK  [0m] Started Dispatch Password Requests to Console Directory Watch.
[[0;32m  OK  [0m] Found device /dev/ttyS0.
[[0;32m  OK  [0m] Listening on Load/Save RF Kill Switch Status /dev/rfkill Watch.
[[0;32m  OK  [0m] Started Monitoring of LVM2 mirrors,...ng dmeventd or progress polling.
[[0;32m  OK  [0m] Reached target Local File Systems (Pre).
[[0;32m  OK  [0m] Reached target Local File Systems.
         Starting Tell Plymouth To Write Out Runtime Data...
         Starting Create Volatile Files and Directories...
         Starting Initial cloud-init job (pre-networking)...
         Starting Commit a transient machine-id on disk...
         Starting LSB: AppArmor initialization...
         Starting Set console font and keymap...
[[0;32m  OK  [0m] Started Tell Plymouth To Write Out Runtime Data.
[[0;32m  OK  [0m] Started Create Volatile Files and Directories.
         Starting Update UTMP about System Boot/Shutdown...
[[0;32m  OK  [0m] Started Commit a transient machine-id on disk.
[[0;32m  OK  [0m] Started Update UTMP about System Boot/Shutdown.
[[0;32m  OK  [0m] Started Set console font and keymap.
[[0;32m  OK  [0m] Created slice system-getty.slice.
[[0;32m  OK  [0m] Started LSB: AppArmor initialization.
         Starting Load AppArmor profiles managed internally by snapd...
[[0;32m  OK  [0m] Started Load AppArmor profiles managed internally by snapd.
[   13.285372] cloud-init[577]: Cloud-init v. 20.3-2-g371b392c-0ubuntu1~16.04.1 running 'init-local' at Fri, 13 Nov 2020 21:30:02 +0000. Up 12.85 seconds.
[[0;32m  OK  [0m] Started Initial cloud-init job (pre-networking).
[[0;32m  OK  [0m] Reached target Network (Pre).
         Starting Raise network interfaces...
[[0;32m  OK  [0m] Started Raise network interfaces.
[[0;32m  OK  [0m] Reached target Network.
         Starting Initial cloud-init job (metadata service crawler)...
[   15.012568] cloud-init[951]: Cloud-init v. 20.3-2-g371b392c-0ubuntu1~16.04.1 running 'init' at Fri, 13 Nov 2020 21:30:03 +0000. Up 13.83 seconds.
[   15.014143] cloud-init[951]: ci-info: ++++++++++++++++++++++++++++++++++++++Net device info+++++++++++++++++++++++++++++++++++++++
[   15.015383] cloud-init[951]: ci-info: +--------+-------+----------------------------+---------------+--------+-------------------+
[   15.024440] cloud-init[951]: ci-info: | Device |   Up  |          Address           |      Mask     | Scope  |     Hw-Address    |
[   15.025910] cloud-init[951]: ci-info: +--------+-------+----------------------------+---------------+--------+-------------------+
[   15.027221] cloud-init[951]: ci-info: | enp0s3 |  True |         10.0.2.15          | 255.255.255.0 | global | 02:8e:80:a0:ee:2f |
[   15.028322] cloud-init[951]: ci-info: | enp0s3 |  True | fe80::8e:80ff:fea0:ee2f/64 |       .       |  link  | 02:8e:80:a0:ee:2f |
[   15.029863] cloud-init[951]: ci-info: | enp0s8 | False |             .              |       .       |   .    | 08:00:27:28:02:e4 |
[   15.031127] cloud-init[951]: ci-info: |   lo   |  True |         127.0.0.1          |   255.0.0.0   |  host  |         .         |
[   15.032275] cloud-init[951]: ci-info: |   lo   |  True |          ::1/128           |       .       |  host  |         .         |
[   15.033476] cloud-init[951]: ci-info: +--------+-------+----------------------------+---------------+--------+-------------------+
[   15.034580] cloud-init[951]: ci-info: +++++++++++++++++++++++++++Route IPv4 info++++++++++++++++++++++++++++
[   15.035541] cloud-init[951]: ci-info: +-------+-------------+----------+---------------+-----------+-------+
[   15.036505] cloud-init[951]: ci-info: | Route | Destination | Gateway  |    Genmask    | Interface | Flags |
[   15.037460] cloud-init[951]: ci-info: +-------+-------------+----------+---------------+-----------+-------+
[   15.038406] cloud-init[951]: ci-info: |   0   |   0.0.0.0   | 10.0.2.2 |    0.0.0.0    |   enp0s3  |   UG  |
[   15.039653] cloud-init[951]: ci-info: |   1   |   10.0.2.0  | 0.0.0.0  | 255.255.255.0 |   enp0s3  |   U   |
[   15.040627] cloud-init[951]: ci-info: +-------+-------------+----------+---------------+-----------+-------+
[   15.041626] cloud-init[951]: ci-info: +++++++++++++++++++Route IPv6 info+++++++++++++++++++
[   15.042533] cloud-init[951]: ci-info: +-------+-------------+---------+-----------+-------+
[   15.043441] cloud-init[951]: ci-info: | Route | Destination | Gateway | Interface | Flags |
[   15.044310] cloud-init[951]: ci-info: +-------+-------------+---------+-----------+-------+
[   15.045206] cloud-init[951]: ci-info: |   0   |  fe80::/64  |    ::   |   enp0s3  |   U   |
[   15.046088] cloud-init[951]: ci-info: |   3   |   ff00::/8  |    ::   |   enp0s3  |   U   |
[   15.047066] cloud-init[951]: ci-info: +-------+-------------+---------+-----------+-------+
[   15.047971] cloud-init[951]: Generating public/private rsa key pair.
[   15.048829] cloud-init[951]: Your identification has been saved in /etc/ssh/ssh_host_rsa_key.
[   15.049724] cloud-init[951]: Your public key has been saved in /etc/ssh/ssh_host_rsa_key.pub.
[   15.050616] cloud-init[951]: The key fingerprint is:
[   15.051220] cloud-init[951]: SHA256:3KBdEBMCABopbBZYzRR8pBtq4ZNtqBN3Ko+aQ9r4b8Y root@ubuntu-xenial
[   15.052264] cloud-init[951]: The key's randomart image is:
[   15.053475] cloud-init[951]: +---[RSA 2048]----+
[   15.054042] cloud-init[951]: |==+*++o =o       |
[   15.054720] cloud-init[951]: |==  +... o       |
[   15.055277] cloud-init[951]: |= . o.  . .      |
[   15.062850] cloud-init[951]: | . * o + +       |
[   15.063468] cloud-init[951]: |. O = . S .      |
[   15.064110] cloud-init[951]: | * =             |
[   15.064835] cloud-init[951]: |*o..             |
[   15.065497] cloud-init[951]: |+*. E            |
[   15.070483] cloud-init[951]: |=oo+.            |
[   15.071997] cloud-init[951]: +----[SHA256]-----+
[   15.073304] cloud-init[951]: Generating public/private dsa key pair.
[   15.074438] cloud-init[951]: Your identification has been saved in /etc/ssh/ssh_host_dsa_key.
[   15.075444] cloud-init[951]: Your public key has been saved in /etc/ssh/ssh_host_dsa_key.pub.
[   15.076434] cloud-init[951]: The key fingerprint is:
[   15.077026] cloud-init[951]: SHA256:kFcSrRTuYtYD0uHYTk6exhM8a6K72u6BlodOct/AXcs root@ubuntu-xenial
[   15.078013] cloud-init[951]: The key's randomart image is:
[   15.078744] cloud-init[951]: +---[DSA 1024]----+
[   15.079315] cloud-init[951]: |      . ++.      |
[   15.079969] cloud-init[951]: |     * +.o.      |
[   15.080645] cloud-init[951]: |    o &.o.       |
[   15.081258] cloud-init[951]: |     O @.        |
[   15.081886] cloud-init[951]: |    . # S        |
[   15.082522] cloud-init[951]: | .oo B = o       |
[   15.083151] cloud-init[951]: |o=+.o . E        |
[   15.083675] cloud-init[951]: |=o.+ o           |
[   15.084279] cloud-init[951]: |.=*.. .          |
[   15.084931] cloud-init[951]: +----[SHA256]-----+
[   15.085562] cloud-init[951]: Generating public/private ecdsa key pair.
[   15.086349] cloud-init[951]: Your identification has been saved in /etc/ssh/ssh_host_ecdsa_key.
[   15.087325] cloud-init[951]: Your public key has been saved in /etc/ssh/ssh_host_ecdsa_key.pub.
[   15.088232] cloud-init[951]: The key fingerprint is:
[   15.089637] cloud-init[951]: SHA256:7yFBSUMHznt8GUrfA50hzXf2KMuJtbTjg9nRJDNU/vs root@ubuntu-xenial
[   15.090626] cloud-init[951]: The key's randomart image is:
[   15.096278] cloud-init[951]: +---[ECDSA 256]---+
[   15.096930] cloud-init[951]: |       .=.. .+o  |
[   15.097457] cloud-init[951]: |       + +  .+oo+|
[   15.104270] cloud-init[951]: |        = ..o ++o|
[   15.104436] cloud-init[951]: |       . + oB=o..|
[   15.104845] cloud-init[951]: |        S +=+%o .|
[   15.105160] cloud-init[951]: |         +..O ...|
[[0;32m  OK  [0m] Started Initial cloud-init job (metadata service crawler).
[   15.105567] cloud-init[951]: |        . o= o . |
[   15.107340] cloud-init[951]: |         oo.+   .|
[   15.107528] cloud-init[951]: |          .  .  E|
[   15.107640] cloud-init[951]: +----[SHA256]-----+
[   15.107961] cloud-init[951]: Generating public/private ed25519 key pair.
[   15.108300] cloud-init[951]: Your identification has been saved in /etc/ssh/ssh_host_ed25519_key.
[   15.108659] cloud-init[951]: Your public key has been saved in /etc/ssh/ssh_host_ed25519_key.pub.
[   15.109013] cloud-init[951]: The key fingerprint is:
[   15.109368] cloud-init[951]: SHA256:Uhvcq38pOVh4Xo5A0d6SvLZtH/qxjfPahOH9ilEeW7k root@ubuntu-xenial
[   15.109731] cloud-init[951]: The key's randomart image is:
[   15.110086] cloud-init[951]: +--[ED25519 256]--+
[   15.110458] cloud-init[951]: |         .       |
[   15.110817] cloud-init[951]: |       ....      |
[   15.111189] cloud-init[951]: |        ++.o     |
[[   15.111462] cloud-init[951]: |       ..o=..   .|
[   15.111840] cloud-init[951]: |      ..S..o  +..|
[   15.112333] cloud-init[951]: |       .o.= .+ B.|
[   15.112688] cloud-init[951]: |        .B B..BEo|
[   15.113050] cloud-init[951]: |        ..B *+.O.|
[   15.113407] cloud-init[951]: |          .=ooB==|
[   15.113648] cloud-init[951]: +----[SHA256]-----+
[0;32m  OK  [0m] Reached target Cloud-config availability.
[[0;32m  OK  [0m] Reached target Network is Online.
         Starting iSCSI initiator daemon (iscsid)...
[[0;32m  OK  [0m] Reached target System Initialization.
[[0;32m  OK  [0m] Started Message of the Day.
[[0;32m  OK  [0m] Started ACPI Events Check.
[[0;32m  OK  [0m] Reached target Paths.
         Starting Socket activation for snappy daemon.
[[0;32m  OK  [0m] Listening on D-Bus System Message Bus Socket.
[[0;32m  OK  [0m] Started Daily apt download activities.
         Starting LXD - unix socket.
[[0;32m  OK  [0m] Listening on UUID daemon activation socket.
[[0;32m  OK  [0m] Started Daily apt upgrade and clean activities.
[[0;32m  OK  [0m] Started Daily Cleanup of Temporary Directories.
[[0;32m  OK  [0m] Reached target Timers.
[[0;32m  OK  [0m] Listening on ACPID Listen Socket.
[[0;32m  OK  [0m] Listening on Socket activation for snappy daemon.
[[0;32m  OK  [0m] Listening on LXD - unix socket.
[[0;32m  OK  [0m] Reached target Sockets.
[[0;32m  OK  [0m] Reached target Basic System.
         Starting LXD - container startup/shutdown...
         Starting /etc/rc.local Compatibility...
         Starting LSB: Record successful boot for GRUB...
[[0;32m  OK  [0m] Started Deferred execution scheduler.
         Starting Login Service...
[[0;32m  OK  [0m] Started D-Bus System Message Bus.
[[0;32m  OK  [0m] Started FUSE filesystem for LXC.
[[0;32m  OK  [0m] Started ACPI event daemon.
         Starting Accounts Service...
         Starting LSB: MD monitoring daemon...
[[0;32m  OK  [0m] Started Regular background program processing daemon.
         Starting Snap Daemon...
         Starting System Logging Service...
         Starting Virtualbox guest utils...
         Starting Pollinate to seed the pseudo random number generator...
[[0;32m  OK  [0m] Started /etc/rc.local Compatibility.
[[0;32m  OK  [0m] Started Login Service.
[[0;32m  OK  [0m] Started Unattended Upgrades Shutdown.
[[0;32m  OK  [0m] Started iSCSI initiator daemon (iscsid).
         Starting Login to default iSCSI targets...
[[0;32m  OK  [0m] Started LSB: Record successful boot for GRUB.
[[0;32m  OK  [0m] Started Login to default iSCSI targets.
[[0;32m  OK  [0m] Reached target Remote File Systems (Pre).
[[0;32m  OK  [0m] Reached target Remote File Systems.
         Starting LSB: automatic crash report generation...
         Starting LSB: daemon to balance interrupts for SMP systems...
         Starting Permit User Sessions...
         Starting LSB: Set the CPU Frequency Scaling governor to "ondemand"...
[[0;32m  OK  [0m] Started LSB: Set the CPU Frequency Scaling governor to "ondemand".
[[0;32m  OK  [0m] Started LSB: MD monitoring daemon.
[[0;32m  OK  [0m] Started System Logging Service.
[[0;32m  OK  [0m] Started Permit User Sessions.
         Starting Terminate Plymouth Boot Screen...
         Starting Hold until boot process finishes up...
[[0;32m  OK  [0m] Started Hold until boot process finishes up.
[[0;32m  OK  [0m] Started Terminate Plymouth Boot Screen.
[[0;32m  OK  [0m] Started Serial Getty on ttyS0.
[[0;32m  OK  [0m] Started Getty on tty1.
[[0;32m  OK  [0m] Reached target Login Prompts.
         Starting Set console scheme...
[[0;32m  OK  [0m] Started LSB: automatic crash report generation.
[[0;32m  OK  [0m] Started LSB: daemon to balance interrupts for SMP systems.
[[0;32m  OK  [0m] Started Set console scheme.
[[0;32m  OK  [0m] Started Virtualbox guest utils.
         Starting Authenticate and Authorize Users to Run Privileged Tasks...
[[0;32m  OK  [0m] Started Authenticate and Authorize Users to Run Privileged Tasks.
[[0;32m  OK  [0m] Started Accounts Service.
[[0;32m  OK  [0m] Started LXD - container startup/shutdown.
[[0;32m  OK  [0m] Started Pollinate to seed the pseudo random number generator.
         Starting OpenBSD Secure Shell server...
[[0;32m  OK  [0m] Started OpenBSD Secure Shell server.
[[0;32m  OK  [0m] Started Snap Daemon.
         Starting Wait until snapd is fully seeded...
[[0;32m  OK  [0m] Started Wait until snapd is fully seeded.
         Starting Apply the settings specified in cloud-config...
[[0;32m  OK  [0m] Reached target Multi-User System.
[[0;32m  OK  [0m] Reached target Graphical Interface.
         Starting Update UTMP about System Runlevel Changes...
[[0;32m  OK  [0m] Started Update UTMP about System Runlevel Changes.
[   20.914833] cloud-init[1298]: Generating locales (this might take a while)...
[[0;32m  OK  [0m] Created slice User Slice of vagrant.
         Starting User Manager for UID 1000...
[[0;32m  OK  [0m] Started Session 1 of user vagrant.
[[0;32m  OK  [0m] Started User Manager for UID 1000.
[   21.812821] cloud-init[1298]:   en_US.UTF-8... done
[   21.814975] cloud-init[1298]: Generation complete.

Ubuntu 16.04.7 LTS ubuntu-xenial ttyS0

ubuntu-xenial login: [   23.476258] cloud-init[1298]: Cloud-init v. 20.3-2-g371b392c-0ubuntu1~16.04.1 running 'modules:config' at Fri, 13 Nov 2020 21:30:10 +0000. Up 20.76 seconds.
ci-info: no authorized SSH keys fingerprints found for user ubuntu.
<14>Nov 13 21:30:13 ec2: 
<14>Nov 13 21:30:13 ec2: #############################################################
<14>Nov 13 21:30:13 ec2: -----BEGIN SSH HOST KEY FINGERPRINTS-----
<14>Nov 13 21:30:13 ec2: 1024 SHA256:kFcSrRTuYtYD0uHYTk6exhM8a6K72u6BlodOct/AXcs root@ubuntu-xenial (DSA)
<14>Nov 13 21:30:13 ec2: 256 SHA256:7yFBSUMHznt8GUrfA50hzXf2KMuJtbTjg9nRJDNU/vs root@ubuntu-xenial (ECDSA)
<14>Nov 13 21:30:13 ec2: 256 SHA256:Uhvcq38pOVh4Xo5A0d6SvLZtH/qxjfPahOH9ilEeW7k root@ubuntu-xenial (ED25519)
<14>Nov 13 21:30:13 ec2: 2048 SHA256:3KBdEBMCABopbBZYzRR8pBtq4ZNtqBN3Ko+aQ9r4b8Y root@ubuntu-xenial (RSA)
<14>Nov 13 21:30:13 ec2: -----END SSH HOST KEY FINGERPRINTS-----
<14>Nov 13 21:30:13 ec2: #############################################################
-----BEGIN SSH HOST KEY KEYS-----
ecdsa-sha2-nistp256 AAAAE2VjZHNhLXNoYTItbmlzdHAyNTYAAAAIbmlzdHAyNTYAAABBBLMKpluv3oKdwMreD5c5EziDrq5lUZHkjWH3ZIMLGn6xqNHqizhMgOyXIHby13vLiuMo6llw+LRcO920doo2aLI= root@ubuntu-xenial
ssh-ed25519 AAAAC3NzaC1lZDI1NTE5AAAAIGjtHV7sblJfQqE1w/xBZIlaVsQuMd4fG8bfY+XLVyQY root@ubuntu-xenial
ssh-rsa AAAAB3NzaC1yc2EAAAADAQABAAABAQDM/VzYfSHZawLmngLNTkFDsByPjTcRw2Tar4h2oFj6oWjGk9Of0N2H1kOVhR1VwWi06/CvISCTHnLPlVPqctPPGFt4i0c6QzQ0jmQh3NfgZmvelX0sqgvqnVRifb4T9mHrUkDHhHAcNfkO/M9rmRW9HH3SsOHVDsUjyk5ePTS0pxOdHcnWWEz7Cujw2oUKwFyKEaHZKujpX8KhlfnkI0+eHvBv6d9Msp3iR3mSlsVXBuiZEFZk/0m5TEoJENY+sJ/ZMZ/HWyn0jtvn6CwGNAhLkaQS4zcsNj4nzfY72McQefloV1X44JrFWUuI1EF89Xg5+zOIGT1CGlIbEWnGy8BT root@ubuntu-xenial
-----END SSH HOST KEY KEYS-----
[   24.125160] cloud-init[1480]: Cloud-init v. 20.3-2-g371b392c-0ubuntu1~16.04.1 running 'modules:final' at Fri, 13 Nov 2020 21:30:13 +0000. Up 23.80 seconds.
[   24.125360] cloud-init[1480]: ci-info: no authorized SSH keys fingerprints found for user ubuntu.
[   24.125478] cloud-init[1480]: Cloud-init v. 20.3-2-g371b392c-0ubuntu1~16.04.1 finished at Fri, 13 Nov 2020 21:30:13 +0000. Datasource DataSourceNoCloud [seed=/dev/sdb][dsmode=net].  Up 24.11 seconds
