[    0.000000] Linux version 4.15.0-123-generic (buildd@lcy01-amd64-017) (gcc version 7.5.0 (Ubuntu 7.5.0-3ubuntu1~18.04)) #126-Ubuntu SMP Wed Oct 21 09:40:11 UTC 2020 (Ubuntu 4.15.0-123.126-generic 4.15.18)
[    0.000000] Command line: BOOT_IMAGE=/boot/vmlinuz-4.15.0-123-generic root=LABEL=cloudimg-rootfs ro console=tty1 console=ttyS0
[    0.000000] KERNEL supported cpus:
[    0.000000]   Intel GenuineIntel
[    0.000000]   AMD AuthenticAMD
[    0.000000]   Centaur CentaurHauls
[    0.000000] x86/fpu: Supporting XSAVE feature 0x001: 'x87 floating point registers'
[    0.000000] x86/fpu: Supporting XSAVE feature 0x002: 'SSE registers'
[    0.000000] x86/fpu: Supporting XSAVE feature 0x004: 'AVX registers'
[    0.000000] x86/fpu: xstate_offset[2]:  576, xstate_sizes[2]:  256
[    0.000000] x86/fpu: Enabled xstate features 0x7, context size is 832 bytes, using 'standard' format.
[    0.000000] e820: BIOS-provided physical RAM map:
[    0.000000] BIOS-e820: [mem 0x0000000000000000-0x000000000009fbff] usable
[    0.000000] BIOS-e820: [mem 0x000000000009fc00-0x000000000009ffff] reserved
[    0.000000] BIOS-e820: [mem 0x00000000000f0000-0x00000000000fffff] reserved
[    0.000000] BIOS-e820: [mem 0x0000000000100000-0x000000000ffeffff] usable
[    0.000000] BIOS-e820: [mem 0x000000000fff0000-0x000000000fffffff] ACPI data
[    0.000000] BIOS-e820: [mem 0x00000000fec00000-0x00000000fec00fff] reserved
[    0.000000] BIOS-e820: [mem 0x00000000fee00000-0x00000000fee00fff] reserved
[    0.000000] BIOS-e820: [mem 0x00000000fffc0000-0x00000000ffffffff] reserved
[    0.000000] NX (Execute Disable) protection: active
[    0.000000] SMBIOS 2.5 present.
[    0.000000] DMI: innotek GmbH VirtualBox/VirtualBox, BIOS VirtualBox 12/01/2006
[    0.000000] Hypervisor detected: KVM
[    0.000000] e820: last_pfn = 0xfff0 max_arch_pfn = 0x400000000
[    0.000000] MTRR: Disabled
[    0.000000] x86/PAT: MTRRs disabled, skipping PAT initialization too.
[    0.000000] CPU MTRRs all blank - virtualized system.
[    0.000000] x86/PAT: Configuration [0-7]: WB  WT  UC- UC  WB  WT  UC- UC  
[    0.000000] found SMP MP-table at [mem 0x0009fff0-0x0009ffff]
[    0.000000] Scanning 1 areas for low memory corruption
[    0.000000] RAMDISK: [mem 0x0db7b000-0x0ee3ffff]
[    0.000000] ACPI: Early table checksum verification disabled
[    0.000000] ACPI: RSDP 0x00000000000E0000 000024 (v02 VBOX  )
[    0.000000] ACPI: XSDT 0x000000000FFF0030 00003C (v01 VBOX   VBOXXSDT 00000001 ASL  00000061)
[    0.000000] ACPI: FACP 0x000000000FFF00F0 0000F4 (v04 VBOX   VBOXFACP 00000001 ASL  00000061)
[    0.000000] ACPI: DSDT 0x000000000FFF0470 002325 (v02 VBOX   VBOXBIOS 00000002 INTL 20190509)
[    0.000000] ACPI: FACS 0x000000000FFF0200 000040
[    0.000000] ACPI: FACS 0x000000000FFF0200 000040
[    0.000000] ACPI: APIC 0x000000000FFF0240 00005C (v02 VBOX   VBOXAPIC 00000001 ASL  00000061)
[    0.000000] ACPI: SSDT 0x000000000FFF02A0 0001CC (v01 VBOX   VBOXCPUT 00000002 INTL 20190509)
[    0.000000] No NUMA configuration found
[    0.000000] Faking a node at [mem 0x0000000000000000-0x000000000ffeffff]
[    0.000000] NODE_DATA(0) allocated [mem 0x0ffc5000-0x0ffeffff]
[    0.000000] kvm-clock: cpu 0, msr 0:ff44001, primary cpu clock
[    0.000000] kvm-clock: Using msrs 4b564d01 and 4b564d00
[    0.000000] kvm-clock: using sched offset of 8570111024 cycles
[    0.000000] clocksource: kvm-clock: mask: 0xffffffffffffffff max_cycles: 0x1cd42e4dffb, max_idle_ns: 881590591483 ns
[    0.000000] Zone ranges:
[    0.000000]   DMA      [mem 0x0000000000001000-0x0000000000ffffff]
[    0.000000]   DMA32    [mem 0x0000000001000000-0x000000000ffeffff]
[    0.000000]   Normal   empty
[    0.000000]   Device   empty
[    0.000000] Movable zone start for each node
[    0.000000] Early memory node ranges
[    0.000000]   node   0: [mem 0x0000000000001000-0x000000000009efff]
[    0.000000]   node   0: [mem 0x0000000000100000-0x000000000ffeffff]
[    0.000000] Reserved but unavailable: 98 pages
[    0.000000] Initmem setup node 0 [mem 0x0000000000001000-0x000000000ffeffff]
[    0.000000] ACPI: PM-Timer IO Port: 0x4008
[    0.000000] IOAPIC[0]: apic_id 2, version 32, address 0xfec00000, GSI 0-23
[    0.000000] ACPI: INT_SRC_OVR (bus 0 bus_irq 0 global_irq 2 dfl dfl)
[    0.000000] ACPI: INT_SRC_OVR (bus 0 bus_irq 9 global_irq 9 low level)
[    0.000000] Using ACPI (MADT) for SMP configuration information
[    0.000000] smpboot: Allowing 2 CPUs, 0 hotplug CPUs
[    0.000000] PM: Registered nosave memory: [mem 0x00000000-0x00000fff]
[    0.000000] PM: Registered nosave memory: [mem 0x0009f000-0x0009ffff]
[    0.000000] PM: Registered nosave memory: [mem 0x000a0000-0x000effff]
[    0.000000] PM: Registered nosave memory: [mem 0x000f0000-0x000fffff]
[    0.000000] e820: [mem 0x10000000-0xfebfffff] available for PCI devices
[    0.000000] Booting paravirtualized kernel on KVM
[    0.000000] clocksource: refined-jiffies: mask: 0xffffffff max_cycles: 0xffffffff, max_idle_ns: 7645519600211568 ns
[    0.000000] random: get_random_bytes called from start_kernel+0x99/0x500 with crng_init=0
[    0.000000] setup_percpu: NR_CPUS:8192 nr_cpumask_bits:2 nr_cpu_ids:2 nr_node_ids:1
[    0.000000] percpu: Embedded 45 pages/cpu s147456 r8192 d28672 u1048576
[    0.000000] PV qspinlock hash table entries: 256 (order: 0, 4096 bytes)
[    0.000000] Built 1 zonelists, mobility grouping on.  Total pages: 64377
[    0.000000] Policy zone: DMA32
[    0.000000] Kernel command line: BOOT_IMAGE=/boot/vmlinuz-4.15.0-123-generic root=LABEL=cloudimg-rootfs ro console=tty1 console=ttyS0
[    0.000000] Memory: 208884K/261688K available (12300K kernel code, 2482K rwdata, 4272K rodata, 2436K init, 2724K bss, 52804K reserved, 0K cma-reserved)
[    0.000000] SLUB: HWalign=64, Order=0-3, MinObjects=0, CPUs=2, Nodes=1
[    0.000000] Kernel/User page tables isolation: enabled
[    0.000000] ftrace: allocating 39402 entries in 154 pages
[    0.004000] Hierarchical RCU implementation.
[    0.004000] 	RCU restricting CPUs from NR_CPUS=8192 to nr_cpu_ids=2.
[    0.004000] 	Tasks RCU enabled.
[    0.004000] RCU: Adjusting geometry for rcu_fanout_leaf=16, nr_cpu_ids=2
[    0.004000] NR_IRQS: 524544, nr_irqs: 440, preallocated irqs: 16
[    0.004000] Console: colour VGA+ 80x25
[    0.004000] console [tty1] enabled
[    0.004000] console [ttyS0] enabled
[    0.004000] ACPI: Core revision 20170831
[    0.004000] ACPI: 2 ACPI AML tables successfully acquired and loaded
[    0.004000] APIC: Switch to symmetric I/O mode setup
[    0.004000] x2apic enabled
[    0.004000] Switched APIC routing to physical x2apic.
[    0.004000] ..TIMER: vector=0x30 apic1=0 pin1=2 apic2=-1 pin2=-1
[    0.004000] tsc: Detected 3299.042 MHz processor
[    0.004012] Calibrating delay loop (skipped) preset value.. 6598.08 BogoMIPS (lpj=13196168)
[    0.005382] pid_max: default: 32768 minimum: 301
[    0.006189] Security Framework initialized
[    0.006802] Yama: becoming mindful.
[    0.007304] AppArmor: AppArmor initialized
[    0.008057] Dentry cache hash table entries: 32768 (order: 6, 262144 bytes)
[    0.009183] Inode-cache hash table entries: 16384 (order: 5, 131072 bytes)
[    0.010178] Mount-cache hash table entries: 512 (order: 0, 4096 bytes)
[    0.011166] Mountpoint-cache hash table entries: 512 (order: 0, 4096 bytes)
[    0.012227] Last level iTLB entries: 4KB 1024, 2MB 1024, 4MB 1024
[    0.013144] Last level dTLB entries: 4KB 1024, 2MB 1024, 4MB 1024, 1GB 4
[    0.014041] Spectre V1 : Mitigation: usercopy/swapgs barriers and __user pointer sanitization
[    0.015260] Spectre V2 : Mitigation: Full generic retpoline
[    0.016002] Spectre V2 : Spectre v2 / SpectreRSB mitigation: Filling RSB on context switch
[    0.017187] Speculative Store Bypass: Vulnerable
[    0.017808] SRBDS: Unknown: Dependent on hypervisor status
[    0.018565] MDS: Mitigation: Clear CPU buffers
[    0.019405] Freeing SMP alternatives memory: 36K
[    0.131105] smpboot: CPU0: Intel(R) Core(TM) i5-4590 CPU @ 3.30GHz (family: 0x6, model: 0x3c, stepping: 0x3)
[    0.132000] Performance Events: unsupported p6 CPU model 60 no PMU driver, software events only.
[    0.132000] Hierarchical SRCU implementation.
[    0.132000] NMI watchdog: Perf event create on CPU 0 failed with -2
[    0.132002] NMI watchdog: Perf NMI watchdog permanently disabled
[    0.132716] smp: Bringing up secondary CPUs ...
[    0.133370] x86: Booting SMP configuration:
[    0.133863] .... node  #0, CPUs:      #1
[    0.004000] kvm-clock: cpu 1, msr 0:ff44041, secondary cpu clock
[    0.136016] smp: Brought up 1 node, 2 CPUs
[    0.136524] smpboot: Max logical packages: 1
[    0.137044] smpboot: Total of 2 processors activated (13196.16 BogoMIPS)
[    0.137914] devtmpfs: initialized
[    0.137914] x86/mm: Memory block size: 128MB
[    0.140081] evm: security.selinux
[    0.140527] evm: security.SMACK64
[    0.140946] evm: security.SMACK64EXEC
[    0.141413] evm: security.SMACK64TRANSMUTE
[    0.142063] evm: security.SMACK64MMAP
[    0.142627] evm: security.apparmor
[    0.143081] evm: security.ima
[    0.143543] evm: security.capability
[    0.144104] clocksource: jiffies: mask: 0xffffffff max_cycles: 0xffffffff, max_idle_ns: 7645041785100000 ns
[    0.145236] futex hash table entries: 512 (order: 3, 32768 bytes)
[    0.146008] pinctrl core: initialized pinctrl subsystem
[    0.146756] RTC time: 18:44:45, date: 11/15/20
[    0.147436] NET: Registered protocol family 16
[    0.148059] audit: initializing netlink subsys (disabled)
[    0.148902] audit: type=2000 audit(1605465895.855:1): state=initialized audit_enabled=0 res=1
[    0.149096] cpuidle: using governor ladder
[    0.149096] cpuidle: using governor menu
[    0.149096] ACPI: bus type PCI registered
[    0.152007] acpiphp: ACPI Hot Plug PCI Controller Driver version: 0.5
[    0.152865] PCI: Using configuration type 1 for base access
[    0.153615] HugeTLB registered 2.00 MiB page size, pre-allocated 0 pages
[    0.153615] ACPI: Added _OSI(Module Device)
[    0.156007] ACPI: Added _OSI(Processor Device)
[    0.156592] ACPI: Added _OSI(3.0 _SCP Extensions)
[    0.157188] ACPI: Added _OSI(Processor Aggregator Device)
[    0.157838] ACPI: Added _OSI(Linux-Dell-Video)
[    0.158473] ACPI: Added _OSI(Linux-Lenovo-NV-HDMI-Audio)
[    0.159087] ACPI: Added _OSI(Linux-HPI-Hybrid-Graphics)
[    0.160199] ACPI: Executed 1 blocks of module-level executable AML code
[    0.163469] ACPI: Interpreter enabled
[    0.164010] ACPI: (supports S0 S5)
[    0.164451] ACPI: Using IOAPIC for interrupt routing
[    0.165227] PCI: Using host bridge windows from ACPI; if necessary, use "pci=nocrs" and report a bug
[    0.166540] ACPI: Enabled 2 GPEs in block 00 to 07
[    0.171716] ACPI: PCI Root Bridge [PCI0] (domain 0000 [bus 00-ff])
[    0.172007] acpi PNP0A03:00: _OSC: OS supports [ASPM ClockPM Segments MSI]
[    0.173181] acpi PNP0A03:00: _OSC: not requesting OS control; OS requires [ExtendedConfig ASPM ClockPM MSI]
[    0.175028] acpi PNP0A03:00: fail to add MMCONFIG information, can't access extended PCI configuration space under this bridge.
[    0.176291] PCI host bridge to bus 0000:00
[    0.176907] pci_bus 0000:00: root bus resource [io  0x0000-0x0cf7 window]
[    0.177738] pci_bus 0000:00: root bus resource [io  0x0d00-0xffff window]
[    0.178578] pci_bus 0000:00: root bus resource [mem 0x000a0000-0x000bffff window]
[    0.180002] pci_bus 0000:00: root bus resource [mem 0x10000000-0xfdffffff window]
[    0.180972] pci_bus 0000:00: root bus resource [bus 00-ff]
[    0.182948] pci 0000:00:01.1: legacy IDE quirk: reg 0x10: [io  0x01f0-0x01f7]
[    0.184002] pci 0000:00:01.1: legacy IDE quirk: reg 0x14: [io  0x03f6]
[    0.184771] pci 0000:00:01.1: legacy IDE quirk: reg 0x18: [io  0x0170-0x0177]
[    0.186142] pci 0000:00:01.1: legacy IDE quirk: reg 0x1c: [io  0x0376]
[    0.195214] pci 0000:00:07.0: quirk: [io  0x4000-0x403f] claimed by PIIX4 ACPI
[    0.196016] pci 0000:00:07.0: quirk: [io  0x4100-0x410f] claimed by PIIX4 SMB
[    0.201600] ACPI: PCI Interrupt Link [LNKA] (IRQs 5 9 10 *11)
[    0.202617] ACPI: PCI Interrupt Link [LNKB] (IRQs 5 9 *10 11)
[    0.203412] ACPI: PCI Interrupt Link [LNKC] (IRQs 5 *9 10 11)
[    0.204083] ACPI: PCI Interrupt Link [LNKD] (IRQs 5 9 10 *11)
[    0.205099] SCSI subsystem initialized
[    0.205663] pci 0000:00:02.0: vgaarb: setting as boot VGA device
[    0.205663] pci 0000:00:02.0: vgaarb: VGA device added: decodes=io+mem,owns=io+mem,locks=none
[    0.205916] pci 0000:00:02.0: vgaarb: bridge control possible
[    0.208007] vgaarb: loaded
[    0.208468] ACPI: bus type USB registered
[    0.209063] usbcore: registered new interface driver usbfs
[    0.209733] usbcore: registered new interface driver hub
[    0.210412] usbcore: registered new device driver usb
[    0.211157] EDAC MC: Ver: 3.0.0
[    0.212168] PCI: Using ACPI for IRQ routing
[    0.212842] NetLabel: Initializing
[    0.213318] NetLabel:  domain hash size = 128
[    0.213905] NetLabel:  protocols = UNLABELED CIPSOv4 CALIPSO
[    0.214623] NetLabel:  unlabeled traffic allowed by default
[    0.216612] clocksource: Switched to clocksource kvm-clock
[    0.225858] VFS: Disk quotas dquot_6.6.0
[    0.226427] VFS: Dquot-cache hash table entries: 512 (order 0, 4096 bytes)
[    0.227428] AppArmor: AppArmor Filesystem Enabled
[    0.228056] pnp: PnP ACPI init
[    0.229288] pnp: PnP ACPI: found 3 devices
[    0.237752] clocksource: acpi_pm: mask: 0xffffff max_cycles: 0xffffff, max_idle_ns: 2085701024 ns
[    0.238889] NET: Registered protocol family 2
[    0.239623] TCP established hash table entries: 2048 (order: 2, 16384 bytes)
[    0.241120] TCP bind hash table entries: 2048 (order: 3, 32768 bytes)
[    0.242045] TCP: Hash tables configured (established 2048 bind 2048)
[    0.243004] UDP hash table entries: 256 (order: 1, 8192 bytes)
[    0.243973] UDP-Lite hash table entries: 256 (order: 1, 8192 bytes)
[    0.244831] NET: Registered protocol family 1
[    0.245385] pci 0000:00:00.0: Limiting direct PCI/PCI transfers
[    0.246105] pci 0000:00:01.0: Activating ISA DMA hang workarounds
[    0.246853] pci 0000:00:02.0: Video device with shadowed ROM at [mem 0x000c0000-0x000dffff]
[    0.247913] Unpacking initramfs...
[    0.460650] Freeing initrd memory: 19220K
[    0.462478] clocksource: tsc: mask: 0xffffffffffffffff max_cycles: 0x2f8dc3bba88, max_idle_ns: 440795361811 ns
[    0.464003] platform rtc_cmos: registered platform RTC device (no PNP device found)
[    0.465255] Scanning for low memory corruption every 60 seconds
[    0.466901] Initialise system trusted keyrings
[    0.467457] Key type blacklist registered
[    0.468004] workingset: timestamp_bits=36 max_order=16 bucket_order=0
[    0.469779] zbud: loaded
[    0.470688] squashfs: version 4.0 (2009/01/31) Phillip Lougher
[    0.471573] fuse init (API version 7.26)
[    0.475049] Key type asymmetric registered
[    0.475592] Asymmetric key parser 'x509' registered
[    0.476265] Block layer SCSI generic (bsg) driver version 0.4 loaded (major 246)
[    0.477572] io scheduler noop registered
[    0.478152] io scheduler deadline registered
[    0.478746] io scheduler cfq registered (default)
[    0.479668] ACPI: AC Adapter [AC] (on-line)
[    0.480339] input: Power Button as /devices/LNXSYSTM:00/LNXPWRBN:00/input/input0
[    0.481329] ACPI: Power Button [PWRF]
[    0.481834] input: Sleep Button as /devices/LNXSYSTM:00/LNXSLPBN:00/input/input1
[    0.482747] ACPI: Sleep Button [SLPF]
[    0.483608] Serial: 8250/16550 driver, 32 ports, IRQ sharing enabled
[    0.505002] 00:02: ttyS0 at I/O 0x3f8 (irq = 4, base_baud = 115200) is a 16550A
[    0.508703] Linux agpgart interface v0.103
[    0.510750] loop: module loaded
[    0.511567] scsi host0: ata_piix
[    0.512104] scsi host1: ata_piix
[    0.512532] ata1: PATA max UDMA/33 cmd 0x1f0 ctl 0x3f6 bmdma 0xd000 irq 14
[    0.513330] ata2: PATA max UDMA/33 cmd 0x170 ctl 0x376 bmdma 0xd008 irq 15
[    0.514351] libphy: Fixed MDIO Bus: probed
[    0.514909] tun: Universal TUN/TAP device driver, 1.6
[    0.515624] PPP generic driver version 2.4.2
[    0.516258] ehci_hcd: USB 2.0 'Enhanced' Host Controller (EHCI) Driver
[    0.517044] ehci-pci: EHCI PCI platform driver
[    0.517630] ehci-platform: EHCI generic platform driver
[    0.518262] ohci_hcd: USB 1.1 'Open' Host Controller (OHCI) Driver
[    0.519012] ohci-pci: OHCI PCI platform driver
[    0.519598] ohci-platform: OHCI generic platform driver
[    0.520344] uhci_hcd: USB Universal Host Controller Interface driver
[    0.521160] i8042: PNP: PS/2 Controller [PNP0303:PS2K,PNP0f03:PS2M] at 0x60,0x64 irq 1,12
[    0.522629] serio: i8042 KBD port at 0x60,0x64 irq 1
[    0.523320] serio: i8042 AUX port at 0x60,0x64 irq 12
[    0.524336] mousedev: PS/2 mouse device common for all mice
[    0.525506] input: AT Translated Set 2 keyboard as /devices/platform/i8042/serio0/input/input2
[    0.526858] rtc_cmos rtc_cmos: rtc core: registered rtc_cmos as rtc0
[    0.528753] rtc_cmos rtc_cmos: alarms up to one day, 114 bytes nvram
[    0.530328] i2c /dev entries driver
[    0.530808] device-mapper: uevent: version 1.0.3
[    0.531452] device-mapper: ioctl: 4.37.0-ioctl (2017-09-20) initialised: dm-devel@redhat.com
[    0.532539] ledtrig-cpu: registered to indicate activity on CPUs
[    0.533675] NET: Registered protocol family 10
[    0.537162] Segment Routing with IPv6
[    0.537674] NET: Registered protocol family 17
[    0.538290] Key type dns_resolver registered
[    0.539017] mce: Using 0 MCE banks
[    0.539442] RAS: Correctable Errors collector initialized.
[    0.540076] sched_clock: Marking stable (538986896, 0)->(653746206, -114759310)
[    0.541824] registered taskstats version 1
[    0.542455] Loading compiled-in X.509 certificates
[    0.545191] Loaded X.509 cert 'Build time autogenerated kernel key: 423d6fc95fe30468112015aeb92af84ef3acf368'
[    0.546613] zswap: loaded using pool lzo/zbud
[    0.550197] Key type big_key registered
[    0.550718] Key type trusted registered
[    0.552772] Key type encrypted registered
[    0.553396] AppArmor: AppArmor sha1 policy hashing enabled
[    0.554126] ima: No TPM chip found, activating TPM-bypass! (rc=-19)
[    0.554959] ima: Allocated hash algorithm: sha1
[    0.555642] evm: HMAC attrs: 0x1
[    0.556369]   Magic number: 12:751:746
[    0.557108] rtc_cmos rtc_cmos: setting system clock to 2020-11-15 18:44:46 UTC (1605465886)
[    0.558477] BIOS EDD facility v0.16 2004-Jun-25, 0 devices found
[    0.560459] EDD information not available.
[    0.697362] Freeing unused kernel image memory: 2436K
[    1.301977] Write protecting the kernel read-only data: 20480k
[    1.304905] Freeing unused kernel image memory: 2008K
[    1.306776] Freeing unused kernel image memory: 1872K
[    1.314712] x86/mm: Checked W+X mappings: passed, no W+X pages found.
[    1.315831] x86/mm: Checking user space page tables
[    1.322922] x86/mm: Checked W+X mappings: passed, no W+X pages found.
Loading, please wait...
starting version 237
[    1.377543] e1000: Intel(R) PRO/1000 Network Driver - version 7.3.21-k8-NAPI
[    1.378600] e1000: Copyright (c) 1999-2006 Intel Corporation.
[    1.381835] Fusion MPT base driver 3.04.20
[    1.382411] Copyright (c) 1999-2008 LSI Corporation
[    1.388630] Fusion MPT SPI Host driver 3.04.20
[    1.395135] AVX2 version of gcm_enc/dec engaged.
[    1.395734] AES CTR mode by8 optimization enabled
[    1.589941] input: ImExPS/2 Generic Explorer Mouse as /devices/platform/i8042/serio1/input/input4
[    1.727736] e1000 0000:00:03.0 eth0: (PCI:33MHz:32-bit) 02:ad:b8:da:8b:56
[    1.729307] e1000 0000:00:03.0 eth0: Intel(R) PRO/1000 Network Connection
[    1.731337] mptbase: ioc0: Initiating bringup
[    3.316423] ioc0: LSI53C1030 A0: Capabilities={Initiator}
[    6.466814] scsi host2: ioc0: LSI53C1030 A0, FwRev=00000000h, Ports=1, MaxQ=256, IRQ=20
[    9.146837] scsi 2:0:0:0: Direct-Access     VBOX     HARDDISK         1.0  PQ: 0 ANSI: 5
[    9.184083] scsi target2:0:0: Beginning Domain Validation
[    9.186941] scsi target2:0:0: Domain Validation skipping write tests
[    9.188455] scsi target2:0:0: Ending Domain Validation
[    9.189734] scsi target2:0:0: asynchronous
[    9.191028] scsi 2:0:1:0: Direct-Access     VBOX     HARDDISK         1.0  PQ: 0 ANSI: 5
[    9.459283] scsi target2:0:1: Beginning Domain Validation
[    9.461342] random: fast init done
[    9.462778] scsi target2:0:1: Domain Validation skipping write tests
[    9.463653] scsi target2:0:1: Ending Domain Validation
[    9.464624] scsi target2:0:1: asynchronous
[    9.468676] random: systemd-udevd: uninitialized urandom read (16 bytes read)
[    9.469535] random: systemd-udevd: uninitialized urandom read (16 bytes read)
[    9.470409] random: systemd-udevd: uninitialized urandom read (16 bytes read)
[    9.471527] sd 2:0:0:0: [sda] 20971520 512-byte logical blocks: (10.7 GB/10.0 GiB)
[    9.471550] sd 2:0:0:0: Attached scsi generic sg0 type 0
[    9.472541] sd 2:0:0:0: [sda] Write Protect is off
[    9.473410] sd 2:0:1:0: Attached scsi generic sg1 type 0
[    9.475132] sd 2:0:0:0: [sda] Incomplete mode parameter data
[    9.475856] sd 2:0:0:0: [sda] Assuming drive cache: write through
[    9.475866] sd 2:0:1:0: [sdb] 20480 512-byte logical blocks: (10.5 MB/10.0 MiB)
[    9.477960] sd 2:0:1:0: [sdb] Write Protect is off
[    9.478753] sd 2:0:1:0: [sdb] Incomplete mode parameter data
[    9.479505] sd 2:0:1:0: [sdb] Assuming drive cache: write through
[    9.488125]  sda: sda1
[    9.489785] sd 2:0:0:0: [sda] Attached SCSI disk
[    9.491528] e1000 0000:00:08.0 eth1: (PCI:33MHz:32-bit) 08:00:27:42:04:08
[    9.492425] e1000 0000:00:08.0 eth1: Intel(R) PRO/1000 Network Connection
[    9.494010] e1000 0000:00:03.0 enp0s3: renamed from eth0
[    9.542307] e1000 0000:00:08.0 enp0s8: renamed from eth1
[    9.553792] sd 2:0:1:0: [sdb] Attached SCSI disk
Begin: Loading essential drivers ... [   11.040105] raid6: sse2x1   gen() 12172 MB/s
[   11.088080] raid6: sse2x1   xor()  8447 MB/s
[   11.136099] raid6: sse2x2   gen() 14648 MB/s
[   11.184085] raid6: sse2x2   xor()  9158 MB/s
[   11.232086] raid6: sse2x4   gen() 17038 MB/s
[   11.280070] raid6: sse2x4   xor() 10728 MB/s
[   11.328098] raid6: avx2x1   gen() 23685 MB/s
[   11.376068] raid6: avx2x1   xor() 16169 MB/s
[   11.424085] raid6: avx2x2   gen() 27076 MB/s
[   11.472096] raid6: avx2x2   xor() 16537 MB/s
[   11.520085] raid6: avx2x4   gen() 31093 MB/s
[   11.568094] raid6: avx2x4   xor() 19395 MB/s
[   11.568791] raid6: using algorithm avx2x4 gen() 31093 MB/s
[   11.569488] raid6: .... xor() 19395 MB/s, rmw enabled
[   11.570153] raid6: using avx2x2 recovery algorithm
[   11.572119] xor: automatically using best checksumming function   avx       
[   11.574228] async_tx: api initialized (async)
done.
Begin: Running /scripts/init-premount ... done.
Begin: Mounting root file system ... Begin: Running /scripts/local-top ... done.
Begin: Running /scripts/local-premount ... [   11.613606] Btrfs loaded, crc32c=crc32c-intel
Scanning for Btrfs filesystems
done.
Warning: fsck not present, so skipping root file system
[   11.720398] EXT4-fs (sda1): mounted filesystem with ordered data mode. Opts: (null)
done.
Begin: Running /scripts/local-bottom ... done.
Begin: Running /scripts/init-bottom ... done.
[   12.817486] ip_tables: (C) 2000-2006 Netfilter Core Team
[   13.123597] systemd[1]: systemd 237 running in system mode. (+PAM +AUDIT +SELINUX +IMA +APPARMOR +SMACK +SYSVINIT +UTMP +LIBCRYPTSETUP +GCRYPT +GNUTLS +ACL +XZ +LZ4 +SECCOMP +BLKID +ELFUTILS +KMOD -IDN2 +IDN -PCRE2 default-hierarchy=hybrid)
[   13.126623] systemd[1]: Detected virtualization oracle.
[   13.127268] systemd[1]: Detected architecture x86-64.

Welcome to [1mUbuntu 18.04.5 LTS[0m!

[   13.180264] systemd[1]: Set hostname to <ubuntu>.
[   13.287740] systemd[1]: Initializing machine ID from random generator.
[   13.288711] systemd[1]: Installed transient /etc/machine-id file.
[   13.980131] random: crng init done
[   13.981919] random: 7 urandom warning(s) missed due to ratelimiting
[   16.044918] systemd[1]: Reached target User and Group Name Lookups.
[[0;32m  OK  [0m] Reached target User and Group Name Lookups.
[   16.051259] systemd[1]: Reached target Swap.
[[0;32m  OK  [0m] Reached target Swap.
[   16.052052] systemd[1]: Started Forward Password Requests to Wall Directory Watch.
[[0;32m  OK  [0m] Started Forward Password Requests to Wall Directory Watch.
[   16.054928] systemd[1]: Created slice System Slice.
[[0;32m  OK  [0m] Created slice System Slice.
[[0;32m  OK  [0m] Listening on /dev/initctl Compatibility Named Pipe.
[[0;32m  OK  [0m] Listening on LVM2 poll daemon socket.
[[0;32m  OK  [0m] Created slice system-serial\x2dgetty.slice.
[[0;32m  OK  [0m] Listening on Journal Socket (/dev/log).
[[0;32m  OK  [0m] Listening on Journal Socket.
         Starting Load Kernel Modules...
         Mounting Huge Pages File System...
[[0;32m  OK  [0m] Listening on Device-mapper event daemon FIFOs.
[[0;32m  OK  [0m] Listening on LVM2 metadata daemon socket.
         Starting Monitoring of LVM2 mirrors…ng dmeventd or progress polling...
[[0;32m  OK  [0m] Listening on udev Control Socket.
         Mounting POSIX Message Queue File System...
[[0;32m  OK  [0m] Set up automount Arbitrary Executab…rmats File System Automount Point.
         Starting Remount Root and Kernel File Systems...
         Starting Set the console keyboard layout...
         Starting Create list of required st…ce nodes for the current kernel...
[[0;32m  OK  [0m] Listening on Network Service Netlink Socket.
         Mounting Kernel Debug File System...
[[0;32m  OK  [0m] Listening on udev Kernel Socket.
         Starting udev Coldplug all Devices...
[[0;32m  OK  [0m] Created slice User and Session Slice.
[[0;32m  OK  [0m] Reached target Slices.
[[0;32m  OK  [0m] Reached target System Time Synchronized.
[[0;32m  OK  [0m] Listening on Journal Audit Socket.
         Starting Uncomplicated firewall...
[[0;32m  OK  [0m] Listening on Syslog Socket.
         Starting Journal Service...
[[0;32m  OK  [0m] Started Create list of required sta…vice nodes for the current kernel.
         Starting Create Static Device Nodes in /dev...
[   16.598845] Loading iSCSI transport class v2.0-870.
[[0;32m  OK  [0m] Mounted POSIX Message Queue File System.
[[0;32m  OK  [0m] Mounted Huge Pages File System.
[[0;32m  OK  [0m] Mounted Kernel Debug File System.
[   17.475099] iscsi: registered transport (tcp)
[[0;32m  OK  [0m] Started Journal Service.
[   17.635779] EXT4-fs (sda1): re-mounted. Opts: (null)
[[0;32m  OK  [0m] Started Remount Root and Kernel File Systems.
         Starting Load/Save Random Seed...
         Starting Flush Journal to Persistent Storage...
[[0;32m  OK  [0m] Started Uncomplicated firewall.
[[0;32m  OK  [0m] Started udev Coldplug all Devices.
[   18.191925] systemd-journald[417]: Received request to flush runtime journal from PID 1
[[0;32m  OK  [0m] Started Load/Save Random Seed.
[   19.382399] iscsi: registered transport (iser)
[[0;32m  OK  [0m] Started Load Kernel Modules.
         Starting Apply Kernel Variables...
         Mounting FUSE Control File System...
         Mounting Kernel Configuration File System...
[[0;32m  OK  [0m] Mounted Kernel Configuration File System.
[[0;32m  OK  [0m] Mounted FUSE Control File System.
[[0;32m  OK  [0m] Started LVM2 metadata daemon.
[[0;32m  OK  [0m] Started Set the console keyboard layout.
[[0;32m  OK  [0m] Started Create Static Device Nodes in /dev.
         Starting udev Kernel Device Manager...
[[0;32m  OK  [0m] Started Flush Journal to Persistent Storage.
[[0;32m  OK  [0m] Started Apply Kernel Variables.
[[0;32m  OK  [0m] Started Monitoring of LVM2 mirrors,…sing dmeventd or progress polling.
[[0;32m  OK  [0m] Reached target Local File Systems (Pre).
[[0;32m  OK  [0m] Reached target Local File Systems.
         Starting Tell Plymouth To Write Out Runtime Data...
         Starting Set console font and keymap...
         Starting Commit a transient machine-id on disk...
         Starting ebtables ruleset management...
         Starting AppArmor initialization...
         Starting Create Volatile Files and Directories...
[[0;32m  OK  [0m] Started udev Kernel Device Manager.
[[0;32m  OK  [0m] Started Dispatch Password Requests to Console Directory Watch.
[[0;32m  OK  [0m] Reached target Local Encrypted Volumes.
[[0;32m  OK  [0m] Started Tell Plymouth To Write Out Runtime Data.
[[0;32m  OK  [0m] Started Set console font and keymap.
[[0;32m  OK  [0m] Started Create Volatile Files and Directories.
         Starting Update UTMP about System Boot/Shutdown...
[[0;32m  OK  [0m] Started Update UTMP about System Boot/Shutdown.
[[0;32m  OK  [0m] Started Commit a transient machine-id on disk.
[[0;32m  OK  [0m] Found device /dev/ttyS0.
[[0;32m  OK  [0m] Started ebtables ruleset management.
[[0;32m  OK  [0m] Listening on Load/Save RF Kill Switch Status /dev/rfkill Watch.
[[0;32m  OK  [0m] Started AppArmor initialization.
         Starting Load AppArmor profiles managed internally by snapd...
         Starting Initial cloud-init job (pre-networking)...
[[0;32m  OK  [0m] Started Load AppArmor profiles managed internally by snapd.
[   32.570445] cloud-init[545]: Cloud-init v. 20.3-2-g371b392c-0ubuntu1~18.04.1 running 'init-local' at Sun, 15 Nov 2020 18:45:16 +0000. Up 30.91 seconds.
[[0;32m  OK  [0m] Started Initial cloud-init job (pre-networking).
[[0;32m  OK  [0m] Reached target Network (Pre).
         Starting Network Service...
[[0;32m  OK  [0m] Started Network Service.
         Starting Wait for Network to be Configured...
         Starting Network Name Resolution...
[[0;32m  OK  [0m] Started Network Name Resolution.
[[0;32m  OK  [0m] Reached target Host and Network Name Lookups.
[[0;32m  OK  [0m] Reached target Network.
[[0;32m  OK  [0m] Started Wait for Network to be Configured.
         Starting Initial cloud-init job (metadata service crawler)...
[   34.810826] cloud-init[679]: Cloud-init v. 20.3-2-g371b392c-0ubuntu1~18.04.1 running 'init' at Sun, 15 Nov 2020 18:45:20 +0000. Up 34.65 seconds.
[   34.812213] cloud-init[679]: ci-info: ++++++++++++++++++++++++++++++++++++++Net device info+++++++++++++++++++++++++++++++++++++++
[   34.813290] cloud-init[679]: ci-info: +--------+-------+----------------------------+---------------+--------+-------------------+
[   34.814303] cloud-init[679]: ci-info: | Device |   Up  |          Address           |      Mask     | Scope  |     Hw-Address    |
[   34.815419] cloud-init[679]: ci-info: +--------+-------+----------------------------+---------------+--------+-------------------+
[   34.816764] cloud-init[679]: ci-info: | enp0s3 |  True |         10.0.2.15          | 255.255.255.0 | global | 02:ad:b8:da:8b:56 |
[   34.818014] cloud-init[679]: ci-info: | enp0s3 |  True | fe80::ad:b8ff:feda:8b56/64 |       .       |  link  | 02:ad:b8:da:8b:56 |
[   34.819275] cloud-init[679]: ci-info: | enp0s8 | False |             .              |       .       |   .    | 08:00:27:42:04:08 |
[   34.820395] cloud-init[679]: ci-info: |   lo   |  True |         127.0.0.1          |   255.0.0.0   |  host  |         .         |
[   34.821364] cloud-init[679]: ci-info: |   lo   |  True |          ::1/128           |       .       |  host  |         .         |
[   34.822316] cloud-init[679]: ci-info: +--------+-------+----------------------------+---------------+--------+-------------------+
[   34.823308] cloud-init[679]: ci-info: ++++++++++++++++++++++++++++Route IPv4 info+++++++++++++++++++++++++++++
[   34.824210] cloud-init[679]: ci-info: +-------+-------------+----------+-----------------+-----------+-------+
[   34.825041] cloud-init[679]: ci-info: | Route | Destination | Gateway  |     Genmask     | Interface | Flags |
[   34.826418] cloud-init[679]: ci-info: +-------+-------------+----------+-----------------+-----------+-------+
[   34.827398] cloud-init[679]: ci-info: |   0   |   0.0.0.0   | 10.0.2.2 |     0.0.0.0     |   enp0s3  |   UG  |
[   34.828364] cloud-init[679]: ci-info: |   1   |   10.0.2.0  | 0.0.0.0  |  255.255.255.0  |   enp0s3  |   U   |
[   34.829159] cloud-init[679]: ci-info: |   2   |   10.0.2.2  | 0.0.0.0  | 255.255.255.255 |   enp0s3  |   UH  |
[   34.829979] cloud-init[679]: ci-info: +-------+-------------+----------+-----------------+-----------+-------+
[   34.830773] cloud-init[679]: ci-info: +++++++++++++++++++Route IPv6 info+++++++++++++++++++
[   34.831529] cloud-init[679]: ci-info: +-------+-------------+---------+-----------+-------+
[   34.832134] cloud-init[679]: ci-info: | Route | Destination | Gateway | Interface | Flags |
[   34.832886] cloud-init[679]: ci-info: +-------+-------------+---------+-----------+-------+
[   34.833687] cloud-init[679]: ci-info: |   1   |  fe80::/64  |    ::   |   enp0s3  |   U   |
[   34.834350] cloud-init[679]: ci-info: |   3   |    local    |    ::   |   enp0s3  |   U   |
[   34.835088] cloud-init[679]: ci-info: |   4   |   ff00::/8  |    ::   |   enp0s3  |   U   |
[   34.835882] cloud-init[679]: ci-info: +-------+-------------+---------+-----------+-------+
[   39.585405] cloud-init[679]: Generating public/private rsa key pair.
[   39.586064] cloud-init[679]: Your identification has been saved in /etc/ssh/ssh_host_rsa_key.
[   39.586790] cloud-init[679]: Your public key has been saved in /etc/ssh/ssh_host_rsa_key.pub.
[   39.587537] cloud-init[679]: The key fingerprint is:
[   39.587840] cloud-init[679]: SHA256:X5Q7ojFSLHNATjgTVPcgX9tv5yl7FDS6eAug06WZDmc root@ubuntu-bionic
[   39.588882] cloud-init[679]: The key's randomart image is:
[   39.589400] cloud-init[679]: +---[RSA 2048]----+
[   39.589739] cloud-init[679]: |   .o=* o .      |
[   39.590103] cloud-init[679]: |    +o * + o . o |
[   39.590718] cloud-init[679]: |     o+ = o + o .|
[   39.591287] cloud-init[679]: |       = . o + . |
[   39.591751] cloud-init[679]: |      . S B = + o|
[   39.606919] cloud-init[679]: |       = E = = +.|
[   39.607448] cloud-init[679]: |        B . o.o..|
[   39.607971] cloud-init[679]: |         .   .o. |
[   39.608461] cloud-init[679]: |             ..  |
[   39.609122] cloud-init[679]: +----[SHA256]-----+
[   39.609823] cloud-init[679]: Generating public/private dsa key pair.
[   39.610531] cloud-init[679]: Your identification has been saved in /etc/ssh/ssh_host_dsa_key.
[   39.611395] cloud-init[679]: Your public key has been saved in /etc/ssh/ssh_host_dsa_key.pub.
[   39.612184] cloud-init[679]: The key fingerprint is:
[   39.612782] cloud-init[679]: SHA256:3DipldGwg5Ex2P11U5DHAxinfYqbQK2QCu176p+09nk root@ubuntu-bionic
[   39.613651] cloud-init[679]: The key's randomart image is:
[   39.614067] cloud-init[679]: +---[DSA 1024]----+
[   39.614504] cloud-init[679]: |     o++.  .ooo=.|
[   39.614838] cloud-init[679]: |    o o+o+..= +.o|
[   39.615263] cloud-init[679]: |   . ..o+o.+ o +.|
[   39.626169] cloud-init[679]: |    o ..oBo . o  |
[   39.626741] cloud-init[679]: |     o  So.. .   |
[   39.627195] cloud-init[679]: |      .o .. o    |
[   39.627593] cloud-init[679]: |     ..o   o     |
[   39.628276] cloud-init[679]: |      +.o .E     |
[   39.628851] cloud-init[679]: |    .oo+.o.      |
[   39.629253] cloud-init[679]: +----[SHA256]-----+
[   39.629782] cloud-init[679]: Generating public/private ecdsa key pair.
[   39.630345] cloud-init[679]: Your identification has been saved in /etc/ssh/ssh_host_ecdsa_key.
[   39.631187] cloud-init[679]: Your public key has been saved in /etc/ssh/ssh_host_ecdsa_key.pub.
[   39.632105] cloud-init[679]: The key fingerprint is:
[   39.632744] cloud-init[679]: SHA256:MUW4g++rvzhtbhkGoxPST9ynW8Voozpb1898du5ujjo root@ubuntu-bionic
[   39.633597] cloud-init[679]: The key's randomart image is:
[   39.634032] cloud-init[679]: +---[ECDSA 256]---+
[   39.634460] cloud-init[679]: |         oo      |
[   39.634853] cloud-init[679]: |        ..       |
[   39.635378] cloud-init[679]: |   . . oo. o     |
[   39.635913] cloud-init[679]: |  . o * +o= o    |
[   39.636273] cloud-init[679]: |   . = +S* o     |
[   39.636703] cloud-init[679]: |    o . * ..     |
[   39.637036] cloud-init[679]: |     . =.=. .    |
[   39.637475] cloud-init[679]: |      +oB.  E+ .=|
[[0;32m  OK  [0m] Started Initial cloud-init job (metadata service crawler).
[   39.670917] cloud-init[679]: |      +X=o  .o=O*|
[   39.671527] cloud-init[[0;32m  OK  [0m] Reached target Cloud-config availability.
[679]: +----[SHA256]-----+[[0;32m  OK  [0m] Reached target Network is Online.

[   39.673010] cloud-init[679]: Generating public/private ed25519 key pair.
[   39.673624] cloud-init[679]: Your identification has been saved in /etc/ssh/ssh_host_ed25519_key.
[   39.674681] cloud-init[679]: Your public key has been saved in /etc/ssh/ssh_host_ed25519_key.pub.
[[0;32m  OK  [0m] Reached target Remote File Systems (Pre).
[[0;32m  OK  [0m] Reached target Remote File Systems.
[   39.688924] cloud-init[679]: The key fingerprint is:         Starting Availability of block devices...
[[0;32m  OK  [0m] Reached target System Initialization.

[[0;32m  OK  [0m] Listening on D-Bus System Message Bus Socket.
[   39.702297] cloud-init[679]: SHA256:CV20lXfhLPymZPTpRQpg2lnvCZLjsSZJY42gHIDw+rg root@ubuntu-bionic
[[0;32m  OK  [0m] Listening on ACPID Listen Socket.
[   39.708003] cloud-init[679]: The key's randomart image is:
[   39.710368] cloud-init[679]: +--[ED25519 256]--+
[   39.711026] cloud-init[679]: |o.... .  .= o. ..|
[   39.711625] cloud-init[679]: |.. . o o B Bo.+ .|
[   39.712222] cloud-init[679]: |  . o . B X o=.+.|
[   39.712651] cloud-init[679]: | .     + = =.+++.|
[   39.713108] cloud-init[679]: |.       S +  o+=.|
[   39.728237] cloud-init[679]: | o       o  o + .|
[   39.728797] cloud-init[679]: |. .          . . |
[   39.729297] cloud-init[679]: | .               |
[   39.729869] cloud-init[679]: |E                |
[   39.730421] cloud-init[679]: +----[SHA256]-----+
         Starting LXD - unix socket.
[[0;32m  OK  [0m] Started Discard unused blocks once a week.
[[0;32m  OK  [0m] Started Daily apt download activities.
[[0;32m  OK  [0m] Listening on Open-iSCSI iscsid Socket.
         Starting Socket activation for snappy daemon.
[[0;32m  OK  [0m] Started Daily Cleanup of Temporary Directories.
[[0;32m  OK  [0m] Listening on UUID daemon activation socket.
[[0;32m  OK  [0m] Started Message of the Day.
[[0;32m  OK  [0m] Started Daily apt upgrade and clean activities.
[[0;32m  OK  [0m] Reached target Timers.
[[0;32m  OK  [0m] Started ACPI Events Check.
[[0;32m  OK  [0m] Reached target Paths.
[[0;32m  OK  [0m] Started Availability of block devices.
[[0;32m  OK  [0m] Listening on LXD - unix socket.
[[0;32m  OK  [0m] Listening on Socket activation for snappy daemon.
[[0;32m  OK  [0m] Reached target Sockets.
[[0;32m  OK  [0m] Reached target Basic System.
         Starting Dispatcher daemon for systemd-networkd...
         Starting LSB: automatic crash report generation...
         Starting Login Service...
[[0;32m  OK  [0m] Started D-Bus System Message Bus.
[[0;32m  OK  [0m] Started Deferred execution scheduler.
         Starting Accounts Service...
[[0;32m  OK  [0m] Started irqbalance daemon.
         Starting System Logging Service...
         Starting Virtualbox guest utils...
         Starting Permit User Sessions...
         Starting LSB: Record successful boot for GRUB...
         Starting Pollinate to seed the pseudo random number generator...
[[0;32m  OK  [0m] Started FUSE filesystem for LXC.
[[0;32m  OK  [0m] Started Regular background program processing daemon.
         Starting Snap Daemon...
         Starting LXD - container startup/shutdown...
[[0;32m  OK  [0m] Started Permit User Sessions.
[[0;32m  OK  [0m] Started Login Service.
[[0;32m  OK  [0m] Started Unattended Upgrades Shutdown.
         Starting Hold until boot process finishes up...
         Starting Terminate Plymouth Boot Screen...
[[0;32m  OK  [0m] Started Hold until boot process finishes up.
         Starting Set console scheme...
[[0;32m  OK  [0m] Started Serial Getty on ttyS0.
[[0;32m  OK  [0m] Started Terminate Plymouth Boot Screen.
[[0;32m  OK  [0m] Started Set console scheme.
[[0;32m  OK  [0m] Created slice system-getty.slice.
[[0;32m  OK  [0m] Started Getty on tty1.
[[0;32m  OK  [0m] Reached target Login Prompts.
         Starting Authorization Manager...
[[0;32m  OK  [0m] Started LSB: automatic crash report generation.
[[0;32m  OK  [0m] Started System Logging Service.
[[0;32m  OK  [0m] Started LSB: Record successful boot for GRUB.
[[0;32m  OK  [0m] Started Virtualbox guest utils.
[[0;32m  OK  [0m] Started Authorization Manager.
[[0;32m  OK  [0m] Started Accounts Service.
[[0;32m  OK  [0m] Started Dispatcher daemon for systemd-networkd.

Ubuntu 18.04.5 LTS ubuntu-bionic ttyS0

ubuntu-bionic login: [   78.598514] cloud-init[1342]: Cloud-init v. 20.3-2-g371b392c-0ubuntu1~18.04.1 running 'modules:config' at Sun, 15 Nov 2020 18:45:51 +0000. Up 65.21 seconds.
ci-info: no authorized SSH keys fingerprints found for user ubuntu.
<14>Nov 15 18:46:13 ec2: 
<14>Nov 15 18:46:13 ec2: #############################################################
<14>Nov 15 18:46:13 ec2: -----BEGIN SSH HOST KEY FINGERPRINTS-----
<14>Nov 15 18:46:13 ec2: 1024 SHA256:3DipldGwg5Ex2P11U5DHAxinfYqbQK2QCu176p+09nk root@ubuntu-bionic (DSA)
<14>Nov 15 18:46:13 ec2: 256 SHA256:MUW4g++rvzhtbhkGoxPST9ynW8Voozpb1898du5ujjo root@ubuntu-bionic (ECDSA)
<14>Nov 15 18:46:13 ec2: 256 SHA256:CV20lXfhLPymZPTpRQpg2lnvCZLjsSZJY42gHIDw+rg root@ubuntu-bionic (ED25519)
<14>Nov 15 18:46:13 ec2: 2048 SHA256:X5Q7ojFSLHNATjgTVPcgX9tv5yl7FDS6eAug06WZDmc root@ubuntu-bionic (RSA)
<14>Nov 15 18:46:13 ec2: -----END SSH HOST KEY FINGERPRINTS-----
<14>Nov 15 18:46:13 ec2: #############################################################
-----BEGIN SSH HOST KEY KEYS-----
ecdsa-sha2-nistp256 AAAAE2VjZHNhLXNoYTItbmlzdHAyNTYAAAAIbmlzdHAyNTYAAABBBA1vjAZP+7bJz0cWkCSdxn87ICudMH2c2XyXSzl5TkJk0Nbj+Lbmai0BQCe/ZRwtpNKJQVwAvm2GvshDrJ+j4ZM= root@ubuntu-bionic
ssh-ed25519 AAAAC3NzaC1lZDI1NTE5AAAAILDxLBm0DChpEcEX9lg7yiZp3EdWaOfGlK0eogfbs5ET root@ubuntu-bionic
ssh-rsa AAAAB3NzaC1yc2EAAAADAQABAAABAQDLpTYDS4Wbx/OJ8BzNVo95LC46QopXDbcecPQR38FzR6CUt0a4rvLbE7BUCrjuBIgi2gYm5vaJyGxqC4eK2brGSpfFDt5aSeBQO0dUCIs58RMDVG1w0KFAOW3o3bf3ujxyg+RQFb1JHdYh/xzmrb047+iWGqTYHmWaycrLtqtn2KzvDCydaHVaPmzK/OaV8ly+ZCKOc+pqtbG7eh+3mHaW4zNrjgmuWtNmjph/JZOQ9lKOXR4qMXqIiUnjr04c0x1duyuyqpcDwcVWHk/OnbI6kqtMbeuPxzj6n3oOefaPoCs2AUz3REc6b3807mVOb7UafzS8W/j6ulys326S0C/D root@ubuntu-bionic
-----END SSH HOST KEY KEYS-----
[   87.420961] cloud-init[1671]: Cloud-init v. 20.3-2-g371b392c-0ubuntu1~18.04.1 running 'modules:final' at Sun, 15 Nov 2020 18:46:12 +0000. Up 86.74 seconds.
[   87.421083] cloud-init[1671]: ci-info: no authorized SSH keys fingerprints found for user ubuntu.
[   87.421151] cloud-init[1671]: Cloud-init v. 20.3-2-g371b392c-0ubuntu1~18.04.1 finished at Sun, 15 Nov 2020 18:46:13 +0000. Datasource DataSourceNoCloud [seed=/dev/sdb][dsmode=net].  Up 87.38 seconds
